<?xml version="1.0" encoding="UTF-8"?>
<coverage generated="1518984221788" clover="3.2.0">
  <project timestamp="1518984221788" name="All files">
    <metrics statements="337" coveredstatements="265" conditionals="90" coveredconditionals="63" methods="105" coveredmethods="78" elements="532" coveredelements="406" complexity="0" loc="337" ncloc="337" packages="10" files="16" classes="16">
      <package name="helpers">
        <metrics statements="9" coveredstatements="5" conditionals="4" coveredconditionals="1" methods="3" coveredmethods="2"/>
        <file name="index.js" path="/Users/andeladeveloper/Code/JavaScript/more-recipes/client/src/js/helpers/index.js">
          <metrics statements="9" coveredstatements="5" conditionals="4" coveredconditionals="1" methods="3" coveredmethods="2"/>
          <line num="10" count="17" type="stmt"/>
          <line num="12" count="2" type="stmt"/>
          <line num="13" count="0" type="stmt"/>
          <line num="14" count="0" type="cond" truecount="0" falsecount="2"/>
          <line num="15" count="0" type="stmt"/>
          <line num="18" count="0" type="stmt"/>
          <line num="26" count="2" type="stmt"/>
          <line num="27" count="2" type="cond" truecount="1" falsecount="1"/>
          <line num="28" count="2" type="stmt"/>
        </file>
      </package>
      <package name="screens.components">
        <metrics statements="21" coveredstatements="14" conditionals="8" coveredconditionals="4" methods="7" coveredmethods="4"/>
        <file name="Footer.jsx" path="/Users/andeladeveloper/Code/JavaScript/more-recipes/client/src/js/screens/components/Footer.jsx">
          <metrics statements="2" coveredstatements="2" conditionals="0" coveredconditionals="0" methods="1" coveredmethods="1"/>
          <line num="3" count="2" type="stmt"/>
          <line num="4" count="7" type="stmt"/>
        </file>
        <file name="Navbar.jsx" path="/Users/andeladeveloper/Code/JavaScript/more-recipes/client/src/js/screens/components/Navbar.jsx">
          <metrics statements="14" coveredstatements="7" conditionals="8" coveredconditionals="4" methods="4" coveredmethods="1"/>
          <line num="14" count="2" type="stmt"/>
          <line num="15" count="8" type="stmt"/>
          <line num="17" count="8" type="cond" truecount="2" falsecount="0"/>
          <line num="18" count="7" type="stmt"/>
          <line num="32" count="0" type="stmt"/>
          <line num="33" count="0" type="stmt"/>
          <line num="43" count="8" type="stmt"/>
          <line num="71" count="0" type="stmt"/>
          <line num="72" count="0" type="cond" truecount="0" falsecount="2"/>
          <line num="73" count="0" type="stmt"/>
          <line num="75" count="0" type="cond" truecount="0" falsecount="2"/>
          <line num="83" count="0" type="stmt"/>
          <line num="97" count="2" type="stmt"/>
          <line num="106" count="2" type="stmt"/>
        </file>
        <file name="RecipeCard.jsx" path="/Users/andeladeveloper/Code/JavaScript/more-recipes/client/src/js/screens/components/RecipeCard.jsx">
          <metrics statements="3" coveredstatements="3" conditionals="0" coveredconditionals="0" methods="1" coveredmethods="1"/>
          <line num="6" count="1" type="stmt"/>
          <line num="7" count="1" type="stmt"/>
          <line num="41" count="1" type="stmt"/>
        </file>
        <file name="SingleRecipeLoader.jsx" path="/Users/andeladeveloper/Code/JavaScript/more-recipes/client/src/js/screens/components/SingleRecipeLoader.jsx">
          <metrics statements="2" coveredstatements="2" conditionals="0" coveredconditionals="0" methods="1" coveredmethods="1"/>
          <line num="4" count="1" type="stmt"/>
          <line num="5" count="1" type="stmt"/>
        </file>
      </package>
      <package name="screens.pages.Login">
        <metrics statements="20" coveredstatements="20" conditionals="6" coveredconditionals="6" methods="7" coveredmethods="7"/>
        <file name="index.jsx" path="/Users/andeladeveloper/Code/JavaScript/more-recipes/client/src/js/screens/pages/Login/index.jsx">
          <metrics statements="20" coveredstatements="20" conditionals="6" coveredconditionals="6" methods="7" coveredmethods="7"/>
          <line num="18" count="7" type="stmt"/>
          <line num="20" count="7" type="stmt"/>
          <line num="26" count="7" type="stmt"/>
          <line num="35" count="17" type="cond" truecount="2" falsecount="0"/>
          <line num="45" count="3" type="stmt"/>
          <line num="46" count="3" type="stmt"/>
          <line num="51" count="1" type="stmt"/>
          <line num="53" count="2" type="stmt"/>
          <line num="55" count="2" type="cond" truecount="2" falsecount="0"/>
          <line num="56" count="1" type="stmt"/>
          <line num="60" count="1" type="stmt"/>
          <line num="73" count="17" type="stmt"/>
          <line num="75" count="17" type="cond" truecount="2" falsecount="0"/>
          <line num="76" count="2" type="stmt"/>
          <line num="90" count="17" type="stmt"/>
          <line num="114" count="1" type="stmt"/>
          <line num="126" count="1" type="stmt"/>
          <line num="133" count="3" type="stmt"/>
          <line num="153" count="1" type="stmt"/>
          <line num="158" count="1" type="stmt"/>
        </file>
      </package>
      <package name="screens.pages.SingleRecipe.components">
        <metrics statements="22" coveredstatements="22" conditionals="6" coveredconditionals="6" methods="7" coveredmethods="7"/>
        <file name="CreateReview.jsx" path="/Users/andeladeveloper/Code/JavaScript/more-recipes/client/src/js/screens/pages/SingleRecipe/components/CreateReview.jsx">
          <metrics statements="12" coveredstatements="12" conditionals="2" coveredconditionals="2" methods="4" coveredmethods="4"/>
          <line num="14" count="8" type="stmt"/>
          <line num="16" count="8" type="stmt"/>
          <line num="20" count="8" type="stmt"/>
          <line num="21" count="8" type="stmt"/>
          <line num="28" count="1" type="stmt"/>
          <line num="33" count="1" type="stmt"/>
          <line num="44" count="1" type="stmt"/>
          <line num="55" count="11" type="cond" truecount="2" falsecount="0"/>
          <line num="56" count="6" type="stmt"/>
          <line num="76" count="5" type="stmt"/>
          <line num="82" count="11" type="stmt"/>
          <line num="93" count="2" type="stmt"/>
        </file>
        <file name="Reviews.jsx" path="/Users/andeladeveloper/Code/JavaScript/more-recipes/client/src/js/screens/pages/SingleRecipe/components/Reviews.jsx">
          <metrics statements="10" coveredstatements="10" conditionals="4" coveredconditionals="4" methods="3" coveredmethods="3"/>
          <line num="23" count="4" type="stmt"/>
          <line num="24" count="4" type="stmt"/>
          <line num="35" count="4" type="cond" truecount="2" falsecount="0"/>
          <line num="38" count="4" type="cond" truecount="2" falsecount="0"/>
          <line num="39" count="3" type="stmt"/>
          <line num="40" count="3" type="stmt"/>
          <line num="56" count="1" type="stmt"/>
          <line num="65" count="4" type="stmt"/>
          <line num="83" count="1" type="stmt"/>
          <line num="89" count="1" type="stmt"/>
        </file>
      </package>
      <package name="screens.pages.UserProfile">
        <metrics statements="40" coveredstatements="34" conditionals="12" coveredconditionals="9" methods="11" coveredmethods="8"/>
        <file name="UserProfile.jsx" path="/Users/andeladeveloper/Code/JavaScript/more-recipes/client/src/js/screens/pages/UserProfile/UserProfile.jsx">
          <metrics statements="40" coveredstatements="34" conditionals="12" coveredconditionals="9" methods="11" coveredmethods="8"/>
          <line num="22" count="4" type="stmt"/>
          <line num="24" count="4" type="stmt"/>
          <line num="34" count="4" type="stmt"/>
          <line num="35" count="4" type="stmt"/>
          <line num="36" count="4" type="stmt"/>
          <line num="43" count="4" type="stmt"/>
          <line num="53" count="0" type="stmt"/>
          <line num="54" count="0" type="stmt"/>
          <line num="56" count="0" type="cond" truecount="0" falsecount="2"/>
          <line num="58" count="0" type="stmt"/>
          <line num="69" count="1" type="stmt"/>
          <line num="73" count="1" type="stmt"/>
          <line num="85" count="2" type="stmt"/>
          <line num="86" count="2" type="stmt"/>
          <line num="88" count="2" type="stmt"/>
          <line num="89" count="2" type="stmt"/>
          <line num="92" count="2" type="stmt"/>
          <line num="94" count="2" type="stmt"/>
          <line num="108" count="7" type="stmt"/>
          <line num="113" count="7" type="stmt"/>
          <line num="114" count="7" type="stmt"/>
          <line num="116" count="7" type="cond" truecount="2" falsecount="0"/>
          <line num="117" count="2" type="stmt"/>
          <line num="142" count="7" type="cond" truecount="2" falsecount="0"/>
          <line num="143" count="1" type="stmt"/>
          <line num="145" count="6" type="cond" truecount="2" falsecount="0"/>
          <line num="146" count="2" type="stmt"/>
          <line num="150" count="1" type="stmt"/>
          <line num="155" count="2" type="stmt"/>
          <line num="159" count="0" type="stmt"/>
          <line num="162" count="2" type="stmt"/>
          <line num="169" count="0" type="stmt"/>
          <line num="173" count="4" type="cond" truecount="1" falsecount="1"/>
          <line num="174" count="4" type="stmt"/>
          <line num="184" count="4" type="stmt"/>
          <line num="187" count="4" type="stmt"/>
          <line num="194" count="6" type="stmt"/>
          <line num="218" count="7" type="stmt"/>
          <line num="234" count="1" type="stmt"/>
          <line num="242" count="1" type="stmt"/>
        </file>
      </package>
      <package name="screens.pages.UserProfile.components">
        <metrics statements="2" coveredstatements="2" conditionals="0" coveredconditionals="0" methods="1" coveredmethods="1"/>
        <file name="UserProfileLoader.jsx" path="/Users/andeladeveloper/Code/JavaScript/more-recipes/client/src/js/screens/pages/UserProfile/components/UserProfileLoader.jsx">
          <metrics statements="2" coveredstatements="2" conditionals="0" coveredconditionals="0" methods="1" coveredmethods="1"/>
          <line num="4" count="1" type="stmt"/>
          <line num="5" count="1" type="stmt"/>
        </file>
      </package>
      <package name="store.actions">
        <metrics statements="185" coveredstatements="137" conditionals="26" coveredconditionals="16" methods="58" coveredmethods="39"/>
        <file name="actionCreators.js" path="/Users/andeladeveloper/Code/JavaScript/more-recipes/client/src/js/store/actions/actionCreators.js">
          <metrics statements="185" coveredstatements="137" conditionals="26" coveredconditionals="16" methods="58" coveredmethods="39"/>
          <line num="8" count="1" type="stmt"/>
          <line num="9" count="1" type="stmt"/>
          <line num="10" count="1" type="stmt"/>
          <line num="11" count="1" type="stmt"/>
          <line num="12" count="1" type="stmt"/>
          <line num="13" count="1" type="stmt"/>
          <line num="14" count="1" type="stmt"/>
          <line num="15" count="1" type="stmt"/>
          <line num="16" count="1" type="stmt"/>
          <line num="17" count="1" type="stmt"/>
          <line num="18" count="1" type="stmt"/>
          <line num="19" count="1" type="stmt"/>
          <line num="20" count="1" type="stmt"/>
          <line num="21" count="1" type="stmt"/>
          <line num="22" count="1" type="stmt"/>
          <line num="23" count="1" type="stmt"/>
          <line num="24" count="1" type="stmt"/>
          <line num="25" count="1" type="stmt"/>
          <line num="26" count="1" type="stmt"/>
          <line num="35" count="2" type="stmt"/>
          <line num="36" count="2" type="cond" truecount="2" falsecount="0"/>
          <line num="37" count="1" type="stmt"/>
          <line num="40" count="1" type="stmt"/>
          <line num="51" count="1" type="stmt"/>
          <line num="52" count="1" type="stmt"/>
          <line num="53" count="1" type="stmt"/>
          <line num="54" count="1" type="stmt"/>
          <line num="55" count="2" type="cond" truecount="1" falsecount="1"/>
          <line num="56" count="2" type="stmt"/>
          <line num="62" count="1" type="stmt"/>
          <line num="64" count="0" type="stmt"/>
          <line num="76" count="1" type="stmt"/>
          <line num="77" count="1" type="stmt"/>
          <line num="93" count="0" type="stmt"/>
          <line num="94" count="0" type="stmt"/>
          <line num="96" count="0" type="stmt"/>
          <line num="97" count="0" type="stmt"/>
          <line num="109" count="1" type="stmt"/>
          <line num="110" count="1" type="stmt"/>
          <line num="111" count="1" type="stmt"/>
          <line num="113" count="1" type="stmt"/>
          <line num="114" count="2" type="cond" truecount="1" falsecount="1"/>
          <line num="115" count="2" type="stmt"/>
          <line num="122" count="1" type="stmt"/>
          <line num="123" count="1" type="cond" truecount="1" falsecount="1"/>
          <line num="124" count="1" type="stmt"/>
          <line num="130" count="1" type="stmt"/>
          <line num="132" count="0" type="stmt"/>
          <line num="143" count="1" type="stmt"/>
          <line num="144" count="1" type="stmt"/>
          <line num="145" count="1" type="stmt"/>
          <line num="146" count="1" type="stmt"/>
          <line num="148" count="1" type="stmt"/>
          <line num="153" count="0" type="stmt"/>
          <line num="175" count="3" type="stmt"/>
          <line num="176" count="3" type="stmt"/>
          <line num="177" count="3" type="cond" truecount="2" falsecount="0"/>
          <line num="178" count="1" type="stmt"/>
          <line num="185" count="1" type="stmt"/>
          <line num="193" count="2" type="stmt"/>
          <line num="200" count="2" type="stmt"/>
          <line num="208" count="3" type="cond" truecount="2" falsecount="0"/>
          <line num="209" count="1" type="stmt"/>
          <line num="218" count="3" type="stmt"/>
          <line num="219" count="3" type="stmt"/>
          <line num="221" count="0" type="stmt"/>
          <line num="241" count="3" type="stmt"/>
          <line num="242" count="3" type="stmt"/>
          <line num="243" count="3" type="cond" truecount="2" falsecount="0"/>
          <line num="244" count="1" type="stmt"/>
          <line num="251" count="1" type="stmt"/>
          <line num="259" count="2" type="stmt"/>
          <line num="266" count="2" type="stmt"/>
          <line num="275" count="3" type="cond" truecount="2" falsecount="0"/>
          <line num="276" count="1" type="stmt"/>
          <line num="285" count="3" type="stmt"/>
          <line num="286" count="3" type="stmt"/>
          <line num="288" count="0" type="stmt"/>
          <line num="303" count="2" type="stmt"/>
          <line num="304" count="2" type="stmt"/>
          <line num="305" count="2" type="cond" truecount="2" falsecount="0"/>
          <line num="306" count="1" type="stmt"/>
          <line num="310" count="1" type="stmt"/>
          <line num="318" count="1" type="stmt"/>
          <line num="325" count="1" type="stmt"/>
          <line num="334" count="2" type="stmt"/>
          <line num="336" count="0" type="stmt"/>
          <line num="348" count="0" type="stmt"/>
          <line num="362" count="2" type="stmt"/>
          <line num="363" count="2" type="stmt"/>
          <line num="364" count="2" type="stmt"/>
          <line num="368" count="2" type="stmt"/>
          <line num="369" count="2" type="stmt"/>
          <line num="371" count="2" type="stmt"/>
          <line num="376" count="2" type="stmt"/>
          <line num="384" count="2" type="stmt"/>
          <line num="386" count="0" type="stmt"/>
          <line num="398" count="1" type="stmt"/>
          <line num="399" count="1" type="stmt"/>
          <line num="401" count="1" type="stmt"/>
          <line num="405" count="1" type="stmt"/>
          <line num="417" count="0" type="stmt"/>
          <line num="418" count="0" type="stmt"/>
          <line num="419" count="0" type="stmt"/>
          <line num="423" count="0" type="stmt"/>
          <line num="424" count="0" type="stmt"/>
          <line num="426" count="0" type="stmt"/>
          <line num="431" count="0" type="stmt"/>
          <line num="439" count="0" type="stmt"/>
          <line num="441" count="0" type="stmt"/>
          <line num="453" count="1" type="stmt"/>
          <line num="454" count="1" type="stmt"/>
          <line num="455" count="1" type="stmt"/>
          <line num="457" count="1" type="stmt"/>
          <line num="461" count="1" type="stmt"/>
          <line num="468" count="1" type="stmt"/>
          <line num="470" count="0" type="stmt"/>
          <line num="484" count="1" type="stmt"/>
          <line num="485" count="1" type="stmt"/>
          <line num="486" count="1" type="stmt"/>
          <line num="488" count="1" type="stmt"/>
          <line num="489" count="0" type="stmt"/>
          <line num="491" count="1" type="stmt"/>
          <line num="499" count="1" type="stmt"/>
          <line num="507" count="1" type="stmt"/>
          <line num="509" count="0" type="stmt"/>
          <line num="521" count="1" type="stmt"/>
          <line num="522" count="1" type="stmt"/>
          <line num="527" count="1" type="stmt"/>
          <line num="538" count="1" type="stmt"/>
          <line num="539" count="1" type="stmt"/>
          <line num="540" count="1" type="stmt"/>
          <line num="542" count="1" type="stmt"/>
          <line num="550" count="1" type="stmt"/>
          <line num="552" count="0" type="stmt"/>
          <line num="565" count="0" type="stmt"/>
          <line num="566" count="0" type="stmt"/>
          <line num="567" count="0" type="stmt"/>
          <line num="568" count="0" type="stmt"/>
          <line num="569" count="0" type="cond" truecount="0" falsecount="2"/>
          <line num="570" count="0" type="stmt"/>
          <line num="577" count="0" type="stmt"/>
          <line num="578" count="0" type="cond" truecount="0" falsecount="2"/>
          <line num="579" count="0" type="stmt"/>
          <line num="584" count="0" type="stmt"/>
          <line num="586" count="0" type="stmt"/>
          <line num="599" count="1" type="stmt"/>
          <line num="600" count="1" type="stmt"/>
          <line num="601" count="1" type="stmt"/>
          <line num="603" count="1" type="stmt"/>
          <line num="608" count="1" type="stmt"/>
          <line num="616" count="1" type="stmt"/>
          <line num="618" count="0" type="stmt"/>
          <line num="629" count="0" type="stmt"/>
          <line num="630" count="0" type="stmt"/>
          <line num="631" count="0" type="stmt"/>
          <line num="632" count="0" type="stmt"/>
          <line num="634" count="0" type="stmt"/>
          <line num="635" count="0" type="cond" truecount="0" falsecount="2"/>
          <line num="636" count="0" type="stmt"/>
          <line num="643" count="0" type="stmt"/>
          <line num="645" count="0" type="stmt"/>
          <line num="657" count="1" type="stmt"/>
          <line num="658" count="1" type="stmt"/>
          <line num="659" count="1" type="stmt"/>
          <line num="661" count="1" type="cond" truecount="1" falsecount="1"/>
          <line num="662" count="1" type="stmt"/>
          <line num="667" count="1" type="stmt"/>
          <line num="669" count="0" type="stmt"/>
          <line num="682" count="1" type="stmt"/>
          <line num="683" count="1" type="stmt"/>
          <line num="684" count="1" type="stmt"/>
          <line num="685" count="1" type="stmt"/>
          <line num="686" count="1" type="stmt"/>
          <line num="687" count="1" type="stmt"/>
          <line num="689" count="1" type="stmt"/>
          <line num="697" count="1" type="stmt"/>
          <line num="702" count="1" type="stmt"/>
          <line num="710" count="1" type="stmt"/>
          <line num="712" count="0" type="stmt"/>
          <line num="723" count="1" type="stmt"/>
          <line num="724" count="1" type="stmt"/>
          <line num="725" count="1" type="stmt"/>
          <line num="726" count="1" type="stmt"/>
          <line num="730" count="1" type="stmt"/>
        </file>
      </package>
      <package name="store.reducers">
        <metrics statements="34" coveredstatements="27" conditionals="28" coveredconditionals="21" methods="9" coveredmethods="8"/>
        <file name="authReducer.js" path="/Users/andeladeveloper/Code/JavaScript/more-recipes/client/src/js/store/reducers/authReducer.js">
          <metrics statements="5" coveredstatements="5" conditionals="5" coveredconditionals="5" methods="1" coveredmethods="1"/>
          <line num="9" count="4" type="cond" truecount="4" falsecount="0"/>
          <line num="11" count="1" type="stmt"/>
          <line num="13" count="1" type="stmt"/>
          <line num="15" count="1" type="stmt"/>
          <line num="20" count="1" type="stmt"/>
        </file>
        <file name="recipesReducer.js" path="/Users/andeladeveloper/Code/JavaScript/more-recipes/client/src/js/store/reducers/recipesReducer.js">
          <metrics statements="29" coveredstatements="22" conditionals="23" coveredconditionals="16" methods="8" coveredmethods="7"/>
          <line num="9" count="9" type="cond" truecount="9" falsecount="1"/>
          <line num="11" count="1" type="stmt"/>
          <line num="16" count="0" type="stmt"/>
          <line num="18" count="1" type="stmt"/>
          <line num="24" count="1" type="stmt"/>
          <line num="25" count="1" type="cond" truecount="1" falsecount="1"/>
          <line num="26" count="0" type="stmt"/>
          <line num="29" count="1" type="stmt"/>
          <line num="38" count="1" type="stmt"/>
          <line num="39" count="1" type="cond" truecount="1" falsecount="1"/>
          <line num="40" count="0" type="stmt"/>
          <line num="43" count="1" type="stmt"/>
          <line num="52" count="1" type="stmt"/>
          <line num="53" count="1" type="cond" truecount="1" falsecount="1"/>
          <line num="54" count="0" type="stmt"/>
          <line num="57" count="1" type="stmt"/>
          <line num="66" count="1" type="stmt"/>
          <line num="67" count="1" type="cond" truecount="1" falsecount="1"/>
          <line num="68" count="0" type="stmt"/>
          <line num="71" count="1" type="stmt"/>
          <line num="80" count="1" type="stmt"/>
          <line num="81" count="1" type="cond" truecount="1" falsecount="1"/>
          <line num="82" count="0" type="stmt"/>
          <line num="85" count="1" type="stmt"/>
          <line num="94" count="1" type="stmt"/>
          <line num="95" count="1" type="cond" truecount="1" falsecount="1"/>
          <line num="96" count="0" type="stmt"/>
          <line num="99" count="1" type="stmt"/>
          <line num="108" count="1" type="stmt"/>
        </file>
      </package>
      <package name="test">
        <metrics statements="3" coveredstatements="3" conditionals="0" coveredconditionals="0" methods="1" coveredmethods="1"/>
        <file name="fileMock.js" path="/Users/andeladeveloper/Code/JavaScript/more-recipes/client/src/js/test/fileMock.js">
          <metrics statements="1" coveredstatements="1" conditionals="0" coveredconditionals="0" methods="0" coveredmethods="0"/>
          <line num="1" count="3" type="stmt"/>
        </file>
        <file name="setupTests.js" path="/Users/andeladeveloper/Code/JavaScript/more-recipes/client/src/js/test/setupTests.js">
          <metrics statements="2" coveredstatements="2" conditionals="0" coveredconditionals="0" methods="1" coveredmethods="1"/>
          <line num="4" count="8" type="stmt"/>
          <line num="6" count="8" type="stmt"/>
        </file>
      </package>
      <package name="test.stubs">
        <metrics statements="1" coveredstatements="1" conditionals="0" coveredconditionals="0" methods="1" coveredmethods="1"/>
        <file name="recipeStub.js" path="/Users/andeladeveloper/Code/JavaScript/more-recipes/client/src/js/test/stubs/recipeStub.js">
          <metrics statements="1" coveredstatements="1" conditionals="0" coveredconditionals="0" methods="1" coveredmethods="1"/>
          <line num="3" count="19" type="stmt"/>
        </file>
      </package>
    </metrics>
  </project>
</coverage>
