<?xml version="1.0" encoding="UTF-8"?>
<coverage generated="1520256956544" clover="3.2.0">
  <project timestamp="1520256956544" name="All files">
    <metrics statements="14" coveredstatements="14" conditionals="2" coveredconditionals="2" methods="5" coveredmethods="5" elements="21" coveredelements="21" complexity="0" loc="14" ncloc="14" packages="2" files="2" classes="2">
      <package name="screens.pages.SingleRecipe.components">
        <metrics statements="12" coveredstatements="12" conditionals="2" coveredconditionals="2" methods="4" coveredmethods="4"/>
        <file name="CreateReview.jsx" path="/Users/andeladeveloper/Code/JavaScript/more-recipes/client/src/js/screens/pages/SingleRecipe/components/CreateReview.jsx">
          <metrics statements="12" coveredstatements="12" conditionals="2" coveredconditionals="2" methods="4" coveredmethods="4"/>
          <line num="14" count="5" type="stmt"/>
          <line num="16" count="5" type="stmt"/>
          <line num="20" count="5" type="stmt"/>
          <line num="21" count="5" type="stmt"/>
          <line num="28" count="1" type="stmt"/>
          <line num="33" count="1" type="stmt"/>
          <line num="44" count="1" type="stmt"/>
          <line num="55" count="8" type="cond" truecount="2" falsecount="0"/>
          <line num="56" count="6" type="stmt"/>
          <line num="76" count="2" type="stmt"/>
          <line num="82" count="8" type="stmt"/>
          <line num="93" count="1" type="stmt"/>
        </file>
      </package>
      <package name="test">
        <metrics statements="2" coveredstatements="2" conditionals="0" coveredconditionals="0" methods="1" coveredmethods="1"/>
        <file name="setupTests.js" path="/Users/andeladeveloper/Code/JavaScript/more-recipes/client/src/js/test/setupTests.js">
          <metrics statements="2" coveredstatements="2" conditionals="0" coveredconditionals="0" methods="1" coveredmethods="1"/>
          <line num="4" count="1" type="stmt"/>
          <line num="6" count="1" type="stmt"/>
        </file>
      </package>
    </metrics>
  </project>
</coverage>
