{"/Users/andeladeveloper/Code/JavaScript/more-recipes/server/index.js": {"path":"/Users/andeladeveloper/Code/JavaScript/more-recipes/server/index.js","statementMap":{"0":{"start":{"line":1,"column":0},"end":{"line":null,"column":-1}},"1":{"start":{"line":2,"column":0},"end":{"line":null,"column":-1}},"2":{"start":{"line":3,"column":0},"end":{"line":null,"column":-1}},"3":{"start":{"line":4,"column":0},"end":{"line":null,"column":-1}},"4":{"start":{"line":5,"column":0},"end":{"line":null,"column":-1}},"5":{"start":{"line":7,"column":0},"end":{"line":null,"column":-1}},"6":{"start":{"line":8,"column":0},"end":{"line":null,"column":-1}},"7":{"start":{"line":9,"column":0},"end":{"line":null,"column":-1}},"8":{"start":{"line":13,"column":12},"end":{"line":13,"column":0}},"9":{"start":{"line":17,"column":0},"end":{"line":null,"column":-1}},"10":{"start":{"line":18,"column":0},"end":{"line":null,"column":-1}},"11":{"start":{"line":21,"column":0},"end":{"line":null,"column":-1}},"12":{"start":{"line":23,"column":13},"end":{"line":23,"column":0}},"13":{"start":{"line":24,"column":0},"end":{"line":null,"column":-1}},"14":{"start":{"line":25,"column":0},"end":{"line":null,"column":-1}},"15":{"start":{"line":30,"column":0},"end":{"line":null,"column":-1}},"16":{"start":{"line":33,"column":0},"end":{"line":null,"column":-1}},"17":{"start":{"line":35,"column":0},"end":{"line":null,"column":-1}},"18":{"start":{"line":36,"column":0},"end":{"line":null,"column":-1}},"19":{"start":{"line":37,"column":0},"end":{"line":null,"column":-1}},"20":{"start":{"line":40,"column":0},"end":{"line":null,"column":-1}},"21":{"start":{"line":41,"column":2},"end":{"line":null,"column":-1}},"22":{"start":{"line":44,"column":0},"end":{"line":null,"column":-1}},"23":{"start":{"line":45,"column":2},"end":{"line":null,"column":-1}}},"fnMap":{"0":{"name":"(anonymous_1)","decl":{"start":{"line":40,"column":13},"end":{"line":40,"column":13}},"loc":{"start":{"line":40,"column":27},"end":{"line":40,"column":0}}},"1":{"name":"(anonymous_2)","decl":{"start":{"line":44,"column":25},"end":{"line":44,"column":30}},"loc":{"start":{"line":44,"column":31},"end":{"line":44,"column":0}}},"2":{"name":"(anonymous_3)","decl":{"start":{"line":45,"column":19},"end":{"line":45,"column":24}},"loc":{"start":{"line":45,"column":25},"end":{"line":45,"column":2}}}},"branchMap":{"0":{"loc":{"start":{"line":23,"column":13},"end":{"line":23,"column":12}},"type":"binary-expr","locations":[{"start":{"line":23,"column":13},"end":{"line":23,"column":12}},{"start":{"line":23,"column":33},"end":{"line":23,"column":0}}]}},"s":{"0":1,"1":1,"2":1,"3":1,"4":1,"5":1,"6":1,"7":1,"8":1,"9":1,"10":1,"11":1,"12":1,"13":1,"14":1,"15":1,"16":1,"17":1,"18":1,"19":1,"20":1,"21":0,"22":1,"23":1},"f":{"0":0,"1":1,"2":1},"b":{"0":[1,1]}}
,"/Users/andeladeveloper/Code/JavaScript/more-recipes/server/config/database.js": {"path":"/Users/andeladeveloper/Code/JavaScript/more-recipes/server/config/database.js","statementMap":{"0":{"start":{"line":4,"column":15},"end":{"line":4,"column":0}},"1":{"start":{"line":24,"column":0},"end":{"line":null,"column":-1}}},"fnMap":{},"branchMap":{},"s":{"0":1,"1":1},"f":{},"b":{}}
,"/Users/andeladeveloper/Code/JavaScript/more-recipes/server/config/index.js": {"path":"/Users/andeladeveloper/Code/JavaScript/more-recipes/server/config/index.js","statementMap":{"0":{"start":{"line":1,"column":0},"end":{"line":null,"column":-1}},"1":{"start":{"line":3,"column":16},"end":{"line":3,"column":0}},"2":{"start":{"line":5,"column":0},"end":{"line":7,"column":1}},"3":{"start":{"line":6,"column":2},"end":{"line":null,"column":-1}},"4":{"start":{"line":12,"column":0},"end":{"line":null,"column":-1}}},"fnMap":{},"branchMap":{"0":{"loc":{"start":{"line":5,"column":0},"end":{"line":7,"column":1}},"type":"if","locations":[{"start":{"line":5,"column":0},"end":{"line":7,"column":1}},{"start":{"line":5,"column":0},"end":{"line":7,"column":1}}]}},"s":{"0":1,"1":1,"2":1,"3":1,"4":1},"f":{},"b":{"0":[1,0]}}
,"/Users/andeladeveloper/Code/JavaScript/more-recipes/server/config/redis.js": {"path":"/Users/andeladeveloper/Code/JavaScript/more-recipes/server/config/redis.js","statementMap":{"0":{"start":{"line":1,"column":0},"end":{"line":null,"column":-1}},"1":{"start":{"line":5,"column":15},"end":{"line":5,"column":0}},"2":{"start":{"line":22,"column":0},"end":{"line":null,"column":-1}}},"fnMap":{},"branchMap":{},"s":{"0":1,"1":1,"2":1},"f":{},"b":{}}
,"/Users/andeladeveloper/Code/JavaScript/more-recipes/server/controllers/authController.js": {"path":"/Users/andeladeveloper/Code/JavaScript/more-recipes/server/controllers/authController.js","statementMap":{"0":{"start":{"line":1,"column":0},"end":{"line":null,"column":-1}},"1":{"start":{"line":2,"column":0},"end":{"line":null,"column":-1}},"2":{"start":{"line":3,"column":0},"end":{"line":null,"column":-1}},"3":{"start":{"line":4,"column":0},"end":{"line":null,"column":-1}},"4":{"start":{"line":5,"column":0},"end":{"line":null,"column":-1}},"5":{"start":{"line":6,"column":0},"end":{"line":null,"column":-1}},"6":{"start":{"line":8,"column":0},"end":{"line":null,"column":-1}},"7":{"start":{"line":22,"column":17},"end":{"line":22,"column":4}},"8":{"start":{"line":27,"column":18},"end":{"line":27,"column":4}},"9":{"start":{"line":30,"column":4},"end":{"line":null,"column":-1}},"10":{"start":{"line":41,"column":24},"end":{"line":41,"column":4}},"11":{"start":{"line":43,"column":24},"end":{"line":43,"column":4}},"12":{"start":{"line":44,"column":4},"end":{"line":null,"column":-1}},"13":{"start":{"line":55,"column":4},"end":{"line":71,"column":5}},"14":{"start":{"line":56,"column":19},"end":{"line":56,"column":6}},"15":{"start":{"line":57,"column":6},"end":{"line":66,"column":7}},"16":{"start":{"line":58,"column":34},"end":{"line":58,"column":8}},"17":{"start":{"line":59,"column":8},"end":{"line":63,"column":9}},"18":{"start":{"line":60,"column":30},"end":{"line":60,"column":10}},"19":{"start":{"line":61,"column":30},"end":{"line":61,"column":10}},"20":{"start":{"line":62,"column":10},"end":{"line":null,"column":-1}},"21":{"start":{"line":65,"column":8},"end":{"line":null,"column":-1}},"22":{"start":{"line":68,"column":6},"end":{"line":null,"column":-1}},"23":{"start":{"line":70,"column":6},"end":{"line":null,"column":-1}}},"fnMap":{},"branchMap":{"0":{"loc":{"start":{"line":27,"column":74},"end":{"line":27,"column":34}},"type":"cond-expr","locations":[{"start":{"line":27,"column":74},"end":{"line":27,"column":34}},{"start":{"line":27,"column":99},"end":{"line":27,"column":18}}]},"1":{"loc":{"start":{"line":57,"column":6},"end":{"line":66,"column":7}},"type":"if","locations":[{"start":{"line":57,"column":6},"end":{"line":66,"column":7}},{"start":{"line":57,"column":6},"end":{"line":66,"column":7}}]},"2":{"loc":{"start":{"line":59,"column":8},"end":{"line":63,"column":9}},"type":"if","locations":[{"start":{"line":59,"column":8},"end":{"line":63,"column":9}},{"start":{"line":59,"column":8},"end":{"line":63,"column":9}}]}},"s":{"0":1,"1":1,"2":1,"3":1,"4":1,"5":1,"6":1,"7":3,"8":3,"9":3,"10":3,"11":3,"12":3,"13":3,"14":3,"15":3,"16":2,"17":2,"18":1,"19":1,"20":1,"21":1,"22":1,"23":2},"f":{},"b":{"0":[0,3],"1":[2,1],"2":[1,1]}}
,"/Users/andeladeveloper/Code/JavaScript/more-recipes/server/controllers/frontEndController.js": {"path":"/Users/andeladeveloper/Code/JavaScript/more-recipes/server/controllers/frontEndController.js","statementMap":{"0":{"start":{"line":1,"column":0},"end":{"line":null,"column":-1}},"1":{"start":{"line":2,"column":0},"end":{"line":null,"column":-1}},"2":{"start":{"line":19,"column":24},"end":{"line":19,"column":4}},"3":{"start":{"line":20,"column":33},"end":{"line":20,"column":4}},"4":{"start":{"line":22,"column":26},"end":{"line":22,"column":4}},"5":{"start":{"line":34,"column":4},"end":{"line":null,"column":-1}}},"fnMap":{},"branchMap":{},"s":{"0":1,"1":1,"2":1,"3":1,"4":1,"5":1},"f":{},"b":{}}
,"/Users/andeladeveloper/Code/JavaScript/more-recipes/server/controllers/index.js": {"path":"/Users/andeladeveloper/Code/JavaScript/more-recipes/server/controllers/index.js","statementMap":{"0":{"start":{"line":1,"column":0},"end":{"line":null,"column":-1}},"1":{"start":{"line":2,"column":0},"end":{"line":null,"column":-1}},"2":{"start":{"line":3,"column":0},"end":{"line":null,"column":-1}},"3":{"start":{"line":4,"column":0},"end":{"line":null,"column":-1}},"4":{"start":{"line":5,"column":0},"end":{"line":null,"column":-1}},"5":{"start":{"line":6,"column":0},"end":{"line":null,"column":-1}},"6":{"start":{"line":7,"column":0},"end":{"line":null,"column":-1}}},"fnMap":{},"branchMap":{},"s":{"0":1,"1":1,"2":1,"3":1,"4":1,"5":1,"6":1},"f":{},"b":{}}
,"/Users/andeladeveloper/Code/JavaScript/more-recipes/server/controllers/recipesController.js": {"path":"/Users/andeladeveloper/Code/JavaScript/more-recipes/server/controllers/recipesController.js","statementMap":{"0":{"start":{"line":1,"column":0},"end":{"line":null,"column":-1}},"1":{"start":{"line":3,"column":0},"end":{"line":null,"column":-1}},"2":{"start":{"line":4,"column":0},"end":{"line":null,"column":-1}},"3":{"start":{"line":5,"column":0},"end":{"line":null,"column":-1}},"4":{"start":{"line":6,"column":0},"end":{"line":null,"column":-1}},"5":{"start":{"line":7,"column":0},"end":{"line":null,"column":-1}},"6":{"start":{"line":23,"column":8},"end":{"line":20,"column":24}},"7":{"start":{"line":20,"column":24},"end":{"line":20,"column":23}},"8":{"start":{"line":25,"column":24},"end":{"line":25,"column":4}},"9":{"start":{"line":25,"column":24},"end":{"line":null,"column":-1}},"10":{"start":{"line":34,"column":4},"end":{"line":38,"column":5}},"11":{"start":{"line":35,"column":26},"end":{"line":35,"column":6}},"12":{"start":{"line":37,"column":6},"end":{"line":null,"column":-1}},"13":{"start":{"line":40,"column":4},"end":{"line":44,"column":5}},"14":{"start":{"line":41,"column":26},"end":{"line":41,"column":6}},"15":{"start":{"line":43,"column":6},"end":{"line":null,"column":-1}},"16":{"start":{"line":46,"column":20},"end":{"line":46,"column":4}},"17":{"start":{"line":55,"column":4},"end":{"line":61,"column":5}},"18":{"start":{"line":56,"column":6},"end":{"line":null,"column":-1}},"19":{"start":{"line":63,"column":4},"end":{"line":67,"column":5}},"20":{"start":{"line":64,"column":6},"end":{"line":null,"column":-1}},"21":{"start":{"line":69,"column":24},"end":{"line":69,"column":4}},"22":{"start":{"line":71,"column":4},"end":{"line":null,"column":-1}},"23":{"start":{"line":83,"column":19},"end":{"line":83,"column":4}},"24":{"start":{"line":85,"column":4},"end":{"line":null,"column":-1}},"25":{"start":{"line":96,"column":20},"end":{"line":96,"column":4}},"26":{"start":{"line":98,"column":24},"end":{"line":98,"column":4}},"27":{"start":{"line":103,"column":29},"end":{"line":103,"column":4}},"28":{"start":{"line":103,"column":45},"end":{"line":null,"column":-1}},"29":{"start":{"line":104,"column":4},"end":{"line":106,"column":5}},"30":{"start":{"line":105,"column":6},"end":{"line":null,"column":-1}},"31":{"start":{"line":108,"column":26},"end":{"line":108,"column":4}},"32":{"start":{"line":118,"column":19},"end":{"line":118,"column":4}},"33":{"start":{"line":125,"column":4},"end":{"line":null,"column":-1}},"34":{"start":{"line":137,"column":19},"end":{"line":137,"column":4}},"35":{"start":{"line":138,"column":20},"end":{"line":138,"column":4}},"36":{"start":{"line":140,"column":4},"end":{"line":null,"column":-1}},"37":{"start":{"line":149,"column":26},"end":{"line":149,"column":4}},"38":{"start":{"line":156,"column":26},"end":{"line":156,"column":4}},"39":{"start":{"line":158,"column":23},"end":{"line":158,"column":4}},"40":{"start":{"line":166,"column":31},"end":{"line":166,"column":4}},"41":{"start":{"line":167,"column":23},"end":{"line":167,"column":6}},"42":{"start":{"line":168,"column":6},"end":{"line":null,"column":-1}},"43":{"start":{"line":171,"column":18},"end":{"line":171,"column":4}},"44":{"start":{"line":173,"column":4},"end":{"line":null,"column":-1}},"45":{"start":{"line":185,"column":4},"end":{"line":null,"column":-1}},"46":{"start":{"line":195,"column":40},"end":{"line":194,"column":23}},"47":{"start":{"line":197,"column":4},"end":{"line":199,"column":5}},"48":{"start":{"line":198,"column":6},"end":{"line":null,"column":-1}},"49":{"start":{"line":200,"column":4},"end":{"line":null,"column":-1}},"50":{"start":{"line":201,"column":20},"end":{"line":201,"column":4}},"51":{"start":{"line":202,"column":4},"end":{"line":null,"column":-1}},"52":{"start":{"line":214,"column":4},"end":{"line":null,"column":-1}},"53":{"start":{"line":215,"column":4},"end":{"line":null,"column":-1}}},"fnMap":{"0":{"name":"getMetaData","decl":{"start":{"line":25,"column":10},"end":{"line":25,"column":24}},"loc":{"start":{"line":25,"column":24},"end":{"line":25,"column":4}}},"1":{"name":"(anonymous_12)","decl":{"start":{"line":103,"column":45},"end":{"line":null,"column":-1}},"loc":{"start":{"line":103,"column":45},"end":{"line":103,"column":29}}},"2":{"name":"(anonymous_14)","decl":{"start":{"line":166,"column":49},"end":{"line":166,"column":49}},"loc":{"start":{"line":166,"column":59},"end":{"line":166,"column":31}}}},"branchMap":{"0":{"loc":{"start":{"line":27,"column":21},"end":{"line":27,"column":36}},"type":"binary-expr","locations":[{"start":{"line":27,"column":21},"end":{"line":27,"column":36}},{"start":{"line":27,"column":37},"end":{"line":26,"column":22}}]},"1":{"loc":{"start":{"line":29,"column":50},"end":{"line":29,"column":60}},"type":"binary-expr","locations":[{"start":{"line":29,"column":50},"end":{"line":29,"column":60}},{"start":{"line":29,"column":61},"end":{"line":29,"column":29}}]},"2":{"loc":{"start":{"line":34,"column":4},"end":{"line":38,"column":5}},"type":"if","locations":[{"start":{"line":34,"column":4},"end":{"line":38,"column":5}},{"start":{"line":34,"column":4},"end":{"line":38,"column":5}}]},"3":{"loc":{"start":{"line":34,"column":8},"end":{"line":34,"column":7}},"type":"binary-expr","locations":[{"start":{"line":34,"column":8},"end":{"line":34,"column":7}},{"start":{"line":34,"column":36},"end":{"line":34,"column":4}}]},"4":{"loc":{"start":{"line":35,"column":59},"end":{"line":35,"column":66}},"type":"binary-expr","locations":[{"start":{"line":35,"column":59},"end":{"line":35,"column":66}},{"start":{"line":35,"column":67},"end":{"line":35,"column":32}}]},"5":{"loc":{"start":{"line":35,"column":70},"end":{"line":35,"column":80}},"type":"binary-expr","locations":[{"start":{"line":35,"column":70},"end":{"line":35,"column":80}},{"start":{"line":35,"column":81},"end":{"line":35,"column":32}}]},"6":{"loc":{"start":{"line":40,"column":4},"end":{"line":44,"column":5}},"type":"if","locations":[{"start":{"line":40,"column":4},"end":{"line":44,"column":5}},{"start":{"line":40,"column":4},"end":{"line":44,"column":5}}]},"7":{"loc":{"start":{"line":40,"column":8},"end":{"line":40,"column":7}},"type":"binary-expr","locations":[{"start":{"line":40,"column":8},"end":{"line":40,"column":7}},{"start":{"line":40,"column":34},"end":{"line":40,"column":4}}]},"8":{"loc":{"start":{"line":41,"column":57},"end":{"line":41,"column":64}},"type":"binary-expr","locations":[{"start":{"line":41,"column":57},"end":{"line":41,"column":64}},{"start":{"line":41,"column":65},"end":{"line":41,"column":32}}]},"9":{"loc":{"start":{"line":41,"column":68},"end":{"line":41,"column":78}},"type":"binary-expr","locations":[{"start":{"line":41,"column":68},"end":{"line":41,"column":78}},{"start":{"line":41,"column":79},"end":{"line":41,"column":32}}]},"10":{"loc":{"start":{"line":51,"column":13},"end":{"line":51,"column":23}},"type":"binary-expr","locations":[{"start":{"line":51,"column":13},"end":{"line":51,"column":23}},{"start":{"line":51,"column":24},"end":{"line":46,"column":20}}]},"11":{"loc":{"start":{"line":52,"column":15},"end":{"line":52,"column":25}},"type":"binary-expr","locations":[{"start":{"line":52,"column":15},"end":{"line":52,"column":25}},{"start":{"line":52,"column":26},"end":{"line":52,"column":14}}]},"12":{"loc":{"start":{"line":52,"column":33},"end":{"line":52,"column":40}},"type":"binary-expr","locations":[{"start":{"line":52,"column":33},"end":{"line":52,"column":40}},{"start":{"line":52,"column":41},"end":{"line":52,"column":32}}]},"13":{"loc":{"start":{"line":55,"column":4},"end":{"line":61,"column":5}},"type":"if","locations":[{"start":{"line":55,"column":4},"end":{"line":61,"column":5}},{"start":{"line":55,"column":4},"end":{"line":61,"column":5}}]},"14":{"loc":{"start":{"line":63,"column":4},"end":{"line":67,"column":5}},"type":"if","locations":[{"start":{"line":63,"column":4},"end":{"line":67,"column":5}},{"start":{"line":63,"column":4},"end":{"line":67,"column":5}}]},"15":{"loc":{"start":{"line":104,"column":4},"end":{"line":106,"column":5}},"type":"if","locations":[{"start":{"line":104,"column":4},"end":{"line":106,"column":5}},{"start":{"line":104,"column":4},"end":{"line":106,"column":5}}]},"16":{"loc":{"start":{"line":141,"column":13},"end":{"line":141,"column":12}},"type":"binary-expr","locations":[{"start":{"line":141,"column":13},"end":{"line":141,"column":12}},{"start":{"line":141,"column":30},"end":{"line":140,"column":24}}]},"17":{"loc":{"start":{"line":142,"column":19},"end":{"line":142,"column":18}},"type":"binary-expr","locations":[{"start":{"line":142,"column":19},"end":{"line":142,"column":18}},{"start":{"line":142,"column":42},"end":{"line":140,"column":24}}]},"18":{"loc":{"start":{"line":143,"column":16},"end":{"line":143,"column":15}},"type":"binary-expr","locations":[{"start":{"line":143,"column":16},"end":{"line":143,"column":15}},{"start":{"line":143,"column":36},"end":{"line":140,"column":24}}]},"19":{"loc":{"start":{"line":144,"column":18},"end":{"line":144,"column":17}},"type":"binary-expr","locations":[{"start":{"line":144,"column":18},"end":{"line":144,"column":17}},{"start":{"line":144,"column":40},"end":{"line":140,"column":24}}]},"20":{"loc":{"start":{"line":145,"column":19},"end":{"line":145,"column":18}},"type":"binary-expr","locations":[{"start":{"line":145,"column":19},"end":{"line":145,"column":18}},{"start":{"line":145,"column":42},"end":{"line":140,"column":24}}]},"21":{"loc":{"start":{"line":146,"column":17},"end":{"line":146,"column":16}},"type":"binary-expr","locations":[{"start":{"line":146,"column":17},"end":{"line":146,"column":16}},{"start":{"line":146,"column":38},"end":{"line":146,"column":45}}]},"22":{"loc":{"start":{"line":171,"column":74},"end":{"line":171,"column":34}},"type":"cond-expr","locations":[{"start":{"line":171,"column":74},"end":{"line":171,"column":34}},{"start":{"line":171,"column":99},"end":{"line":171,"column":18}}]},"23":{"loc":{"start":{"line":197,"column":4},"end":{"line":199,"column":5}},"type":"if","locations":[{"start":{"line":197,"column":4},"end":{"line":199,"column":5}},{"start":{"line":197,"column":4},"end":{"line":199,"column":5}}]}},"s":{"0":1,"1":1,"2":1,"3":1,"4":1,"5":1,"6":3,"7":12,"8":3,"9":3,"10":3,"11":1,"12":1,"13":2,"14":1,"15":1,"16":1,"17":1,"18":0,"19":1,"20":0,"21":1,"22":1,"23":0,"24":0,"25":2,"26":2,"27":2,"28":2,"29":2,"30":1,"31":1,"32":1,"33":1,"34":1,"35":1,"36":1,"37":1,"38":1,"39":1,"40":1,"41":0,"42":0,"43":1,"44":1,"45":1,"46":4,"47":2,"48":1,"49":1,"50":1,"51":1,"52":1,"53":1},"f":{"0":3,"1":2,"2":0},"b":{"0":[3,3],"1":[3,0],"2":[1,2],"3":[3,1],"4":[1,1],"5":[1,0],"6":[1,1],"7":[2,1],"8":[1,1],"9":[1,0],"10":[1,0],"11":[1,0],"12":[1,1],"13":[0,1],"14":[0,1],"15":[1,1],"16":[1,0],"17":[1,0],"18":[1,1],"19":[1,1],"20":[1,1],"21":[1,1],"22":[0,1],"23":[1,1]}}
,"/Users/andeladeveloper/Code/JavaScript/more-recipes/server/controllers/reviewsController.js": {"path":"/Users/andeladeveloper/Code/JavaScript/more-recipes/server/controllers/reviewsController.js","statementMap":{"0":{"start":{"line":1,"column":0},"end":{"line":null,"column":-1}},"1":{"start":{"line":3,"column":0},"end":{"line":null,"column":-1}},"2":{"start":{"line":4,"column":0},"end":{"line":null,"column":-1}},"3":{"start":{"line":21,"column":19},"end":{"line":21,"column":4}},"4":{"start":{"line":23,"column":20},"end":{"line":23,"column":4}},"5":{"start":{"line":27,"column":4},"end":{"line":null,"column":-1}},"6":{"start":{"line":39,"column":40},"end":{"line":38,"column":25}},"7":{"start":{"line":40,"column":17},"end":{"line":40,"column":4}},"8":{"start":{"line":42,"column":26},"end":{"line":42,"column":4}},"9":{"start":{"line":48,"column":19},"end":{"line":48,"column":4}},"10":{"start":{"line":52,"column":34},"end":{"line":52,"column":4}},"11":{"start":{"line":53,"column":4},"end":{"line":75,"column":5}},"12":{"start":{"line":55,"column":20},"end":{"line":55,"column":6}},"13":{"start":{"line":58,"column":6},"end":{"line":null,"column":-1}},"14":{"start":{"line":77,"column":4},"end":{"line":null,"column":-1}}},"fnMap":{},"branchMap":{"0":{"loc":{"start":{"line":53,"column":4},"end":{"line":75,"column":5}},"type":"if","locations":[{"start":{"line":53,"column":4},"end":{"line":75,"column":5}},{"start":{"line":53,"column":4},"end":{"line":75,"column":5}}]},"1":{"loc":{"start":{"line":55,"column":76},"end":{"line":55,"column":36}},"type":"cond-expr","locations":[{"start":{"line":55,"column":76},"end":{"line":55,"column":36}},{"start":{"line":55,"column":101},"end":{"line":55,"column":20}}]}},"s":{"0":1,"1":1,"2":1,"3":1,"4":1,"5":1,"6":2,"7":1,"8":1,"9":1,"10":1,"11":1,"12":1,"13":1,"14":1},"f":{},"b":{"0":[1,0],"1":[0,1]}}
,"/Users/andeladeveloper/Code/JavaScript/more-recipes/server/controllers/settingsController.js": {"path":"/Users/andeladeveloper/Code/JavaScript/more-recipes/server/controllers/settingsController.js","statementMap":{"0":{"start":{"line":1,"column":0},"end":{"line":null,"column":-1}},"1":{"start":{"line":13,"column":24},"end":{"line":13,"column":4}},"2":{"start":{"line":14,"column":4},"end":{"line":null,"column":-1}}},"fnMap":{},"branchMap":{},"s":{"0":1,"1":1,"2":1},"f":{},"b":{}}
,"/Users/andeladeveloper/Code/JavaScript/more-recipes/server/controllers/usersController.js": {"path":"/Users/andeladeveloper/Code/JavaScript/more-recipes/server/controllers/usersController.js","statementMap":{"0":{"start":{"line":1,"column":0},"end":{"line":null,"column":-1}},"1":{"start":{"line":2,"column":0},"end":{"line":null,"column":-1}},"2":{"start":{"line":3,"column":0},"end":{"line":null,"column":-1}},"3":{"start":{"line":18,"column":19},"end":{"line":18,"column":4}},"4":{"start":{"line":20,"column":4},"end":{"line":26,"column":5}},"5":{"start":{"line":20,"column":39},"end":{"line":null,"column":-1}},"6":{"start":{"line":21,"column":6},"end":{"line":null,"column":-1}},"7":{"start":{"line":22,"column":6},"end":{"line":null,"column":-1}},"8":{"start":{"line":24,"column":6},"end":{"line":null,"column":-1}},"9":{"start":{"line":25,"column":6},"end":{"line":null,"column":-1}},"10":{"start":{"line":28,"column":4},"end":{"line":null,"column":-1}},"11":{"start":{"line":40,"column":25},"end":{"line":40,"column":4}},"12":{"start":{"line":42,"column":22},"end":{"line":42,"column":4}},"13":{"start":{"line":54,"column":4},"end":{"line":null,"column":-1}},"14":{"start":{"line":55,"column":28},"end":{"line":55,"column":6}},"15":{"start":{"line":56,"column":6},"end":{"line":null,"column":-1}},"16":{"start":{"line":59,"column":4},"end":{"line":null,"column":-1}},"17":{"start":{"line":70,"column":17},"end":{"line":70,"column":4}},"18":{"start":{"line":72,"column":4},"end":{"line":74,"column":5}},"19":{"start":{"line":73,"column":6},"end":{"line":null,"column":-1}},"20":{"start":{"line":75,"column":24},"end":{"line":75,"column":4}},"21":{"start":{"line":76,"column":4},"end":{"line":null,"column":-1}},"22":{"start":{"line":87,"column":38},"end":{"line":86,"column":32}},"23":{"start":{"line":86,"column":32},"end":{"line":86,"column":31}},"24":{"start":{"line":88,"column":4},"end":{"line":90,"column":5}},"25":{"start":{"line":89,"column":6},"end":{"line":null,"column":-1}},"26":{"start":{"line":91,"column":17},"end":{"line":91,"column":4}},"27":{"start":{"line":94,"column":24},"end":{"line":94,"column":4}},"28":{"start":{"line":95,"column":4},"end":{"line":null,"column":-1}},"29":{"start":{"line":106,"column":4},"end":{"line":120,"column":5}},"30":{"start":{"line":107,"column":19},"end":{"line":107,"column":6}},"31":{"start":{"line":109,"column":6},"end":{"line":111,"column":7}},"32":{"start":{"line":110,"column":8},"end":{"line":null,"column":-1}},"33":{"start":{"line":113,"column":22},"end":{"line":113,"column":6}},"34":{"start":{"line":117,"column":6},"end":{"line":null,"column":-1}},"35":{"start":{"line":119,"column":6},"end":{"line":null,"column":-1}}},"fnMap":{"0":{"name":"(anonymous_9)","decl":{"start":{"line":20,"column":39},"end":{"line":null,"column":-1}},"loc":{"start":{"line":20,"column":39},"end":{"line":20,"column":8}}},"1":{"name":"(anonymous_11)","decl":{"start":{"line":54,"column":18},"end":{"line":54,"column":24}},"loc":{"start":{"line":54,"column":38},"end":{"line":54,"column":4}}}},"branchMap":{"0":{"loc":{"start":{"line":20,"column":4},"end":{"line":26,"column":5}},"type":"if","locations":[{"start":{"line":20,"column":4},"end":{"line":26,"column":5}},{"start":{"line":20,"column":4},"end":{"line":26,"column":5}}]},"1":{"loc":{"start":{"line":72,"column":4},"end":{"line":74,"column":5}},"type":"if","locations":[{"start":{"line":72,"column":4},"end":{"line":74,"column":5}},{"start":{"line":72,"column":4},"end":{"line":74,"column":5}}]},"2":{"loc":{"start":{"line":88,"column":4},"end":{"line":90,"column":5}},"type":"if","locations":[{"start":{"line":88,"column":4},"end":{"line":90,"column":5}},{"start":{"line":88,"column":4},"end":{"line":90,"column":5}}]},"3":{"loc":{"start":{"line":109,"column":6},"end":{"line":111,"column":7}},"type":"if","locations":[{"start":{"line":109,"column":6},"end":{"line":111,"column":7}},{"start":{"line":109,"column":6},"end":{"line":111,"column":7}}]}},"s":{"0":1,"1":1,"2":1,"3":2,"4":2,"5":0,"6":0,"7":0,"8":2,"9":2,"10":2,"11":1,"12":1,"13":1,"14":1,"15":1,"16":1,"17":2,"18":2,"19":1,"20":1,"21":1,"22":1,"23":3,"24":1,"25":1,"26":1,"27":1,"28":1,"29":0,"30":0,"31":0,"32":0,"33":0,"34":0,"35":0},"f":{"0":0,"1":1},"b":{"0":[0,2],"1":[1,1],"2":[1,0],"3":[0,0]}}
,"/Users/andeladeveloper/Code/JavaScript/more-recipes/server/controllers/votesController.js": {"path":"/Users/andeladeveloper/Code/JavaScript/more-recipes/server/controllers/votesController.js","statementMap":{"0":{"start":{"line":1,"column":0},"end":{"line":null,"column":-1}},"1":{"start":{"line":2,"column":0},"end":{"line":null,"column":-1}},"2":{"start":{"line":3,"column":0},"end":{"line":null,"column":-1}},"3":{"start":{"line":17,"column":19},"end":{"line":17,"column":4}},"4":{"start":{"line":19,"column":4},"end":{"line":21,"column":5}},"5":{"start":{"line":20,"column":6},"end":{"line":null,"column":-1}},"6":{"start":{"line":23,"column":28},"end":{"line":23,"column":4}},"7":{"start":{"line":24,"column":30},"end":{"line":24,"column":4}},"8":{"start":{"line":26,"column":21},"end":{"line":26,"column":4}},"9":{"start":{"line":34,"column":23},"end":{"line":34,"column":4}},"10":{"start":{"line":42,"column":4},"end":{"line":null,"column":-1}},"11":{"start":{"line":54,"column":19},"end":{"line":54,"column":4}},"12":{"start":{"line":56,"column":4},"end":{"line":59,"column":5}},"13":{"start":{"line":56,"column":37},"end":{"line":null,"column":-1}},"14":{"start":{"line":57,"column":6},"end":{"line":null,"column":-1}},"15":{"start":{"line":58,"column":6},"end":{"line":null,"column":-1}},"16":{"start":{"line":61,"column":4},"end":{"line":null,"column":-1}},"17":{"start":{"line":62,"column":4},"end":{"line":null,"column":-1}},"18":{"start":{"line":73,"column":19},"end":{"line":73,"column":4}},"19":{"start":{"line":75,"column":4},"end":{"line":78,"column":5}},"20":{"start":{"line":75,"column":39},"end":{"line":null,"column":-1}},"21":{"start":{"line":76,"column":6},"end":{"line":null,"column":-1}},"22":{"start":{"line":77,"column":6},"end":{"line":null,"column":-1}},"23":{"start":{"line":80,"column":4},"end":{"line":null,"column":-1}},"24":{"start":{"line":81,"column":4},"end":{"line":null,"column":-1}}},"fnMap":{"0":{"name":"(anonymous_10)","decl":{"start":{"line":56,"column":37},"end":{"line":null,"column":-1}},"loc":{"start":{"line":56,"column":37},"end":{"line":56,"column":8}}},"1":{"name":"(anonymous_12)","decl":{"start":{"line":75,"column":39},"end":{"line":null,"column":-1}},"loc":{"start":{"line":75,"column":39},"end":{"line":75,"column":8}}}},"branchMap":{"0":{"loc":{"start":{"line":19,"column":4},"end":{"line":21,"column":5}},"type":"if","locations":[{"start":{"line":19,"column":4},"end":{"line":21,"column":5}},{"start":{"line":19,"column":4},"end":{"line":21,"column":5}}]},"1":{"loc":{"start":{"line":56,"column":4},"end":{"line":59,"column":5}},"type":"if","locations":[{"start":{"line":56,"column":4},"end":{"line":59,"column":5}},{"start":{"line":56,"column":4},"end":{"line":59,"column":5}}]},"2":{"loc":{"start":{"line":75,"column":4},"end":{"line":78,"column":5}},"type":"if","locations":[{"start":{"line":75,"column":4},"end":{"line":78,"column":5}},{"start":{"line":75,"column":4},"end":{"line":78,"column":5}}]}},"s":{"0":1,"1":1,"2":1,"3":1,"4":1,"5":0,"6":1,"7":1,"8":1,"9":1,"10":1,"11":4,"12":4,"13":1,"14":1,"15":1,"16":3,"17":3,"18":4,"19":4,"20":1,"21":1,"22":1,"23":3,"24":3},"f":{"0":1,"1":1},"b":{"0":[0,1],"1":[1,3],"2":[1,3]}}
,"/Users/andeladeveloper/Code/JavaScript/more-recipes/server/database/models/index.js": {"path":"/Users/andeladeveloper/Code/JavaScript/more-recipes/server/database/models/index.js","statementMap":{"0":{"start":{"line":1,"column":0},"end":{"line":null,"column":-1}},"1":{"start":{"line":3,"column":11},"end":{"line":3,"column":0}},"2":{"start":{"line":4,"column":13},"end":{"line":4,"column":0}},"3":{"start":{"line":5,"column":18},"end":{"line":5,"column":0}},"4":{"start":{"line":7,"column":17},"end":{"line":7,"column":0}},"5":{"start":{"line":8,"column":12},"end":{"line":8,"column":0}},"6":{"start":{"line":9,"column":15},"end":{"line":9,"column":0}},"7":{"start":{"line":11,"column":11},"end":{"line":11,"column":0}},"8":{"start":{"line":12,"column":4},"end":{"line":12,"column":0}},"9":{"start":{"line":13,"column":0},"end":{"line":17,"column":1}},"10":{"start":{"line":14,"column":2},"end":{"line":null,"column":-1}},"11":{"start":{"line":16,"column":2},"end":{"line":null,"column":-1}},"12":{"start":{"line":20,"column":0},"end":{"line":null,"column":-1}},"13":{"start":{"line":22,"column":10},"end":{"line":null,"column":-1}},"14":{"start":{"line":24,"column":18},"end":{"line":24,"column":4}},"15":{"start":{"line":25,"column":4},"end":{"line":null,"column":-1}},"16":{"start":{"line":28,"column":0},"end":{"line":null,"column":-1}},"17":{"start":{"line":29,"column":2},"end":{"line":31,"column":3}},"18":{"start":{"line":30,"column":4},"end":{"line":null,"column":-1}},"19":{"start":{"line":34,"column":0},"end":{"line":null,"column":-1}},"20":{"start":{"line":35,"column":0},"end":{"line":null,"column":-1}},"21":{"start":{"line":37,"column":0},"end":{"line":null,"column":-1}}},"fnMap":{"0":{"name":"(anonymous_0)","decl":{"start":{"line":22,"column":10},"end":{"line":null,"column":-1}},"loc":{"start":{"line":22,"column":10},"end":{"line":20,"column":0}}},"1":{"name":"(anonymous_1)","decl":{"start":{"line":23,"column":11},"end":{"line":23,"column":11}},"loc":{"start":{"line":23,"column":21},"end":{"line":20,"column":0}}},"2":{"name":"(anonymous_2)","decl":{"start":{"line":28,"column":24},"end":{"line":28,"column":24}},"loc":{"start":{"line":28,"column":39},"end":{"line":28,"column":0}}}},"branchMap":{"0":{"loc":{"start":{"line":8,"column":12},"end":{"line":8,"column":11}},"type":"binary-expr","locations":[{"start":{"line":8,"column":12},"end":{"line":8,"column":11}},{"start":{"line":8,"column":36},"end":{"line":8,"column":0}}]},"1":{"loc":{"start":{"line":13,"column":0},"end":{"line":17,"column":1}},"type":"if","locations":[{"start":{"line":13,"column":0},"end":{"line":17,"column":1}},{"start":{"line":13,"column":0},"end":{"line":17,"column":1}}]},"2":{"loc":{"start":{"line":22,"column":19},"end":{"line":22,"column":18}},"type":"binary-expr","locations":[{"start":{"line":22,"column":19},"end":{"line":22,"column":18}},{"start":{"line":22,"column":48},"end":{"line":22,"column":18}},{"start":{"line":22,"column":71},"end":{"line":22,"column":10}}]},"3":{"loc":{"start":{"line":29,"column":2},"end":{"line":31,"column":3}},"type":"if","locations":[{"start":{"line":29,"column":2},"end":{"line":31,"column":3}},{"start":{"line":29,"column":2},"end":{"line":31,"column":3}}]}},"s":{"0":1,"1":1,"2":1,"3":1,"4":1,"5":1,"6":1,"7":1,"8":1,"9":1,"10":0,"11":1,"12":1,"13":4,"14":3,"15":3,"16":1,"17":3,"18":3,"19":1,"20":1,"21":1},"f":{"0":4,"1":3,"2":3},"b":{"0":[1,0],"1":[0,1],"2":[4,4,3],"3":[3,0]}}
,"/Users/andeladeveloper/Code/JavaScript/more-recipes/server/database/models/recipe.js": {"path":"/Users/andeladeveloper/Code/JavaScript/more-recipes/server/database/models/recipe.js","statementMap":{"0":{"start":{"line":1,"column":0},"end":{"line":null,"column":-1}},"1":{"start":{"line":3,"column":0},"end":{"line":null,"column":-1}},"2":{"start":{"line":4,"column":17},"end":{"line":4,"column":2}},"3":{"start":{"line":26,"column":2},"end":{"line":null,"column":-1}},"4":{"start":{"line":27,"column":4},"end":{"line":null,"column":-1}},"5":{"start":{"line":31,"column":4},"end":{"line":null,"column":-1}},"6":{"start":{"line":36,"column":2},"end":{"line":null,"column":-1}},"7":{"start":{"line":37,"column":4},"end":{"line":42,"column":5}},"8":{"start":{"line":38,"column":6},"end":{"line":null,"column":-1}},"9":{"start":{"line":39,"column":13},"end":{"line":null,"column":-1}},"10":{"start":{"line":41,"column":6},"end":{"line":null,"column":-1}},"11":{"start":{"line":45,"column":2},"end":{"line":null,"column":-1}}},"fnMap":{"0":{"name":"(anonymous_0)","decl":{"start":{"line":3,"column":17},"end":{"line":3,"column":17}},"loc":{"start":{"line":3,"column":43},"end":{"line":3,"column":0}}},"1":{"name":"(anonymous_1)","decl":{"start":{"line":26,"column":21},"end":{"line":26,"column":21}},"loc":{"start":{"line":26,"column":33},"end":{"line":26,"column":2}}},"2":{"name":"(anonymous_2)","decl":{"start":{"line":36,"column":30},"end":{"line":36,"column":36}},"loc":{"start":{"line":36,"column":49},"end":{"line":36,"column":2}}},"3":{"name":"(anonymous_3)","decl":{"start":{"line":39,"column":13},"end":{"line":39,"column":18}},"loc":{"start":{"line":39,"column":13},"end":{"line":38,"column":24}}}},"branchMap":{"0":{"loc":{"start":{"line":37,"column":4},"end":{"line":42,"column":5}},"type":"if","locations":[{"start":{"line":37,"column":4},"end":{"line":42,"column":5}},{"start":{"line":37,"column":4},"end":{"line":42,"column":5}}]}},"s":{"0":1,"1":1,"2":1,"3":1,"4":1,"5":1,"6":1,"7":47,"8":14,"9":20,"10":33,"11":1},"f":{"0":1,"1":1,"2":47,"3":20},"b":{"0":[14,33]}}
,"/Users/andeladeveloper/Code/JavaScript/more-recipes/server/database/models/review.js": {"path":"/Users/andeladeveloper/Code/JavaScript/more-recipes/server/database/models/review.js","statementMap":{"0":{"start":{"line":1,"column":0},"end":{"line":null,"column":-1}},"1":{"start":{"line":2,"column":17},"end":{"line":2,"column":2}},"2":{"start":{"line":28,"column":2},"end":{"line":null,"column":-1}},"3":{"start":{"line":29,"column":4},"end":{"line":null,"column":-1}},"4":{"start":{"line":33,"column":4},"end":{"line":null,"column":-1}},"5":{"start":{"line":38,"column":2},"end":{"line":null,"column":-1}}},"fnMap":{"0":{"name":"(anonymous_0)","decl":{"start":{"line":1,"column":17},"end":{"line":1,"column":17}},"loc":{"start":{"line":1,"column":43},"end":{"line":1,"column":0}}},"1":{"name":"(anonymous_1)","decl":{"start":{"line":28,"column":21},"end":{"line":28,"column":21}},"loc":{"start":{"line":28,"column":33},"end":{"line":28,"column":2}}}},"branchMap":{},"s":{"0":1,"1":1,"2":1,"3":1,"4":1,"5":1},"f":{"0":1,"1":1},"b":{}}
,"/Users/andeladeveloper/Code/JavaScript/more-recipes/server/database/models/user.js": {"path":"/Users/andeladeveloper/Code/JavaScript/more-recipes/server/database/models/user.js","statementMap":{"0":{"start":{"line":1,"column":28},"end":{"line":1,"column":0}},"1":{"start":{"line":7,"column":0},"end":{"line":null,"column":-1}},"2":{"start":{"line":8,"column":15},"end":{"line":8,"column":2}},"3":{"start":{"line":38,"column":2},"end":{"line":null,"column":-1}},"4":{"start":{"line":39,"column":4},"end":{"line":null,"column":-1}},"5":{"start":{"line":42,"column":4},"end":{"line":null,"column":-1}},"6":{"start":{"line":47,"column":2},"end":{"line":null,"column":-1}}},"fnMap":{"0":{"name":"(anonymous_0)","decl":{"start":{"line":7,"column":17},"end":{"line":7,"column":17}},"loc":{"start":{"line":7,"column":43},"end":{"line":7,"column":0}}},"1":{"name":"(anonymous_1)","decl":{"start":{"line":38,"column":19},"end":{"line":38,"column":19}},"loc":{"start":{"line":38,"column":31},"end":{"line":38,"column":2}}}},"branchMap":{},"s":{"0":1,"1":1,"2":1,"3":1,"4":1,"5":1,"6":1},"f":{"0":1,"1":1},"b":{}}
,"/Users/andeladeveloper/Code/JavaScript/more-recipes/server/filters/mostFavorited.js": {"path":"/Users/andeladeveloper/Code/JavaScript/more-recipes/server/filters/mostFavorited.js","statementMap":{"0":{"start":{"line":1,"column":0},"end":{"line":null,"column":-1}},"1":{"start":{"line":2,"column":0},"end":{"line":null,"column":-1}},"2":{"start":{"line":4,"column":35},"end":{"line":4,"column":0}},"3":{"start":{"line":5,"column":29},"end":{"line":5,"column":2}},"4":{"start":{"line":7,"column":2},"end":{"line":null,"column":-1}},"5":{"start":{"line":8,"column":2},"end":{"line":null,"column":-1}},"6":{"start":{"line":8,"column":29},"end":{"line":null,"column":-1}},"7":{"start":{"line":10,"column":35},"end":{"line":10,"column":2}},"8":{"start":{"line":11,"column":35},"end":{"line":11,"column":2}},"9":{"start":{"line":13,"column":2},"end":{"line":16,"column":3}},"10":{"start":{"line":14,"column":21},"end":{"line":14,"column":4}},"11":{"start":{"line":15,"column":4},"end":{"line":null,"column":-1}},"12":{"start":{"line":18,"column":26},"end":{"line":18,"column":2}},"13":{"start":{"line":19,"column":10},"end":{"line":null,"column":-1}},"14":{"start":{"line":21,"column":31},"end":{"line":21,"column":2}},"15":{"start":{"line":33,"column":2},"end":{"line":null,"column":-1}},"16":{"start":{"line":34,"column":10},"end":{"line":null,"column":-1}},"17":{"start":{"line":36,"column":2},"end":{"line":null,"column":-1}}},"fnMap":{"0":{"name":"filterMostFavoritedRecipes","decl":{"start":{"line":4,"column":6},"end":{"line":4,"column":35}},"loc":{"start":{"line":4,"column":60},"end":{"line":4,"column":0}}},"1":{"name":"(anonymous_3)","decl":{"start":{"line":8,"column":29},"end":{"line":null,"column":-1}},"loc":{"start":{"line":8,"column":29},"end":{"line":8,"column":2}}},"2":{"name":"(anonymous_4)","decl":{"start":{"line":19,"column":10},"end":{"line":19,"column":10}},"loc":{"start":{"line":19,"column":10},"end":{"line":18,"column":26}}},"3":{"name":"(anonymous_5)","decl":{"start":{"line":34,"column":10},"end":{"line":34,"column":10}},"loc":{"start":{"line":34,"column":10},"end":{"line":33,"column":2}}}},"branchMap":{},"s":{"0":1,"1":1,"2":1,"3":2,"4":2,"5":2,"6":4,"7":2,"8":2,"9":2,"10":4,"11":4,"12":2,"13":2,"14":2,"15":2,"16":2,"17":2},"f":{"0":2,"1":4,"2":2,"3":2},"b":{}}
,"/Users/andeladeveloper/Code/JavaScript/more-recipes/server/filters/mostUpvoted.js": {"path":"/Users/andeladeveloper/Code/JavaScript/more-recipes/server/filters/mostUpvoted.js","statementMap":{"0":{"start":{"line":1,"column":0},"end":{"line":null,"column":-1}},"1":{"start":{"line":2,"column":0},"end":{"line":null,"column":-1}},"2":{"start":{"line":4,"column":33},"end":{"line":4,"column":0}},"3":{"start":{"line":5,"column":27},"end":{"line":5,"column":2}},"4":{"start":{"line":7,"column":2},"end":{"line":null,"column":-1}},"5":{"start":{"line":8,"column":2},"end":{"line":null,"column":-1}},"6":{"start":{"line":8,"column":27},"end":{"line":null,"column":-1}},"7":{"start":{"line":10,"column":33},"end":{"line":10,"column":2}},"8":{"start":{"line":11,"column":33},"end":{"line":11,"column":2}},"9":{"start":{"line":13,"column":2},"end":{"line":16,"column":3}},"10":{"start":{"line":14,"column":21},"end":{"line":14,"column":4}},"11":{"start":{"line":15,"column":4},"end":{"line":null,"column":-1}},"12":{"start":{"line":18,"column":26},"end":{"line":18,"column":2}},"13":{"start":{"line":19,"column":10},"end":{"line":null,"column":-1}},"14":{"start":{"line":21,"column":29},"end":{"line":21,"column":2}},"15":{"start":{"line":33,"column":2},"end":{"line":null,"column":-1}},"16":{"start":{"line":34,"column":10},"end":{"line":null,"column":-1}},"17":{"start":{"line":36,"column":2},"end":{"line":null,"column":-1}}},"fnMap":{"0":{"name":"filterMostUpvotedRecipes","decl":{"start":{"line":4,"column":6},"end":{"line":4,"column":33}},"loc":{"start":{"line":4,"column":58},"end":{"line":4,"column":0}}},"1":{"name":"(anonymous_3)","decl":{"start":{"line":8,"column":27},"end":{"line":null,"column":-1}},"loc":{"start":{"line":8,"column":27},"end":{"line":8,"column":2}}},"2":{"name":"(anonymous_4)","decl":{"start":{"line":19,"column":10},"end":{"line":19,"column":10}},"loc":{"start":{"line":19,"column":10},"end":{"line":18,"column":26}}},"3":{"name":"(anonymous_5)","decl":{"start":{"line":34,"column":10},"end":{"line":34,"column":10}},"loc":{"start":{"line":34,"column":10},"end":{"line":33,"column":2}}}},"branchMap":{},"s":{"0":1,"1":1,"2":1,"3":1,"4":1,"5":1,"6":2,"7":1,"8":1,"9":1,"10":2,"11":2,"12":1,"13":1,"14":1,"15":1,"16":1,"17":1},"f":{"0":1,"1":2,"2":1,"3":1},"b":{}}
,"/Users/andeladeveloper/Code/JavaScript/more-recipes/server/helpers/index.js": {"path":"/Users/andeladeveloper/Code/JavaScript/more-recipes/server/helpers/index.js","statementMap":{"0":{"start":{"line":2,"column":0},"end":{"line":null,"column":-1}},"1":{"start":{"line":3,"column":0},"end":{"line":null,"column":-1}},"2":{"start":{"line":14,"column":21},"end":{"line":14,"column":0}},"3":{"start":{"line":14,"column":21},"end":{"line":null,"column":-1}},"4":{"start":{"line":15,"column":13},"end":{"line":15,"column":7}},"5":{"start":{"line":61,"column":17},"end":{"line":61,"column":2}},"6":{"start":{"line":63,"column":22},"end":{"line":63,"column":2}},"7":{"start":{"line":64,"column":2},"end":{"line":null,"column":-1}},"8":{"start":{"line":66,"column":24},"end":{"line":66,"column":2}},"9":{"start":{"line":67,"column":2},"end":{"line":null,"column":-1}},"10":{"start":{"line":69,"column":24},"end":{"line":69,"column":2}},"11":{"start":{"line":70,"column":2},"end":{"line":null,"column":-1}},"12":{"start":{"line":72,"column":18},"end":{"line":72,"column":2}},"13":{"start":{"line":73,"column":2},"end":{"line":null,"column":-1}},"14":{"start":{"line":75,"column":2},"end":{"line":null,"column":-1}},"15":{"start":{"line":79,"column":18},"end":{"line":79,"column":2}},"16":{"start":{"line":85,"column":2},"end":{"line":null,"column":-1}},"17":{"start":{"line":86,"column":2},"end":{"line":null,"column":-1}},"18":{"start":{"line":88,"column":2},"end":{"line":null,"column":-1}},"19":{"start":{"line":92,"column":22},"end":{"line":92,"column":2}},"20":{"start":{"line":94,"column":2},"end":{"line":null,"column":-1}},"21":{"start":{"line":94,"column":56},"end":{"line":null,"column":-1}},"22":{"start":{"line":95,"column":4},"end":{"line":97,"column":5}},"23":{"start":{"line":96,"column":6},"end":{"line":null,"column":-1}},"24":{"start":{"line":100,"column":2},"end":{"line":null,"column":-1}},"25":{"start":{"line":102,"column":2},"end":{"line":null,"column":-1}},"26":{"start":{"line":103,"column":2},"end":{"line":null,"column":-1}},"27":{"start":{"line":104,"column":2},"end":{"line":null,"column":-1}}},"fnMap":{"0":{"name":"isValidEmail","decl":{"start":{"line":14,"column":6},"end":{"line":14,"column":21}},"loc":{"start":{"line":14,"column":21},"end":{"line":14,"column":0}}},"1":{"name":"updateRecipeAttributes","decl":{"start":{"line":60,"column":22},"end":{"line":60,"column":7}},"loc":{"start":{"line":60,"column":62},"end":{"line":76,"column":1}}},"2":{"name":"updateUserAttributes","decl":{"start":{"line":78,"column":22},"end":{"line":78,"column":7}},"loc":{"start":{"line":78,"column":57},"end":{"line":89,"column":1}}},"3":{"name":"updateUserSettings","decl":{"start":{"line":91,"column":22},"end":{"line":91,"column":7}},"loc":{"start":{"line":91,"column":60},"end":{"line":105,"column":1}}},"4":{"name":"(anonymous_8)","decl":{"start":{"line":94,"column":38},"end":{"line":94,"column":55}},"loc":{"start":{"line":94,"column":56},"end":{"line":94,"column":2}}}},"branchMap":{"0":{"loc":{"start":{"line":95,"column":4},"end":{"line":97,"column":5}},"type":"if","locations":[{"start":{"line":95,"column":4},"end":{"line":97,"column":5}},{"start":{"line":95,"column":4},"end":{"line":97,"column":5}}]}},"s":{"0":1,"1":1,"2":1,"3":11,"4":1,"5":64,"6":60,"7":60,"8":60,"9":60,"10":60,"11":60,"12":60,"13":60,"14":60,"15":6,"16":6,"17":6,"18":6,"19":2,"20":2,"21":15,"22":5,"23":4,"24":2,"25":2,"26":2,"27":2},"f":{"0":11,"1":64,"2":6,"3":2,"4":5},"b":{"0":[4,1]}}
,"/Users/andeladeveloper/Code/JavaScript/more-recipes/server/helpers/redis-client.js": {"path":"/Users/andeladeveloper/Code/JavaScript/more-recipes/server/helpers/redis-client.js","statementMap":{"0":{"start":{"line":1,"column":0},"end":{"line":null,"column":-1}},"1":{"start":{"line":7,"column":23},"end":{"line":7,"column":0}},"2":{"start":{"line":8,"column":2},"end":{"line":10,"column":3}},"3":{"start":{"line":9,"column":4},"end":{"line":null,"column":-1}},"4":{"start":{"line":12,"column":2},"end":{"line":null,"column":-1}}},"fnMap":{"0":{"name":"getRedisClient","decl":{"start":{"line":7,"column":6},"end":{"line":7,"column":23}},"loc":{"start":{"line":7,"column":29},"end":{"line":7,"column":0}}}},"branchMap":{"0":{"loc":{"start":{"line":8,"column":2},"end":{"line":10,"column":3}},"type":"if","locations":[{"start":{"line":8,"column":2},"end":{"line":10,"column":3}},{"start":{"line":8,"column":2},"end":{"line":10,"column":3}}]}},"s":{"0":1,"1":1,"2":1,"3":0,"4":1},"f":{"0":1},"b":{"0":[0,1]}}
,"/Users/andeladeveloper/Code/JavaScript/more-recipes/server/helpers/redis/fakeRedis.js": {"path":"/Users/andeladeveloper/Code/JavaScript/more-recipes/server/helpers/redis/fakeRedis.js","statementMap":{"0":{"start":{"line":12,"column":16},"end":{"line":null,"column":-1}},"1":{"start":{"line":13,"column":4},"end":{"line":null,"column":-1}},"2":{"start":{"line":22,"column":18},"end":{"line":null,"column":-1}},"3":{"start":{"line":23,"column":4},"end":{"line":null,"column":-1}},"4":{"start":{"line":24,"column":6},"end":{"line":null,"column":-1}},"5":{"start":{"line":25,"column":6},"end":{"line":null,"column":-1}},"6":{"start":{"line":34,"column":11},"end":{"line":null,"column":-1}},"7":{"start":{"line":35,"column":4},"end":{"line":null,"column":-1}},"8":{"start":{"line":35,"column":23},"end":{"line":null,"column":-1}},"9":{"start":{"line":46,"column":19},"end":{"line":null,"column":-1}},"10":{"start":{"line":47,"column":4},"end":{"line":null,"column":-1}},"11":{"start":{"line":48,"column":24},"end":{"line":48,"column":6}},"12":{"start":{"line":50,"column":6},"end":{"line":56,"column":7}},"13":{"start":{"line":51,"column":8},"end":{"line":null,"column":-1}},"14":{"start":{"line":52,"column":8},"end":{"line":null,"column":-1}},"15":{"start":{"line":54,"column":8},"end":{"line":null,"column":-1}},"16":{"start":{"line":55,"column":8},"end":{"line":null,"column":-1}},"17":{"start":{"line":58,"column":6},"end":{"line":null,"column":-1}},"18":{"start":{"line":68,"column":16},"end":{"line":null,"column":-1}},"19":{"start":{"line":69,"column":4},"end":{"line":null,"column":-1}},"20":{"start":{"line":70,"column":20},"end":{"line":70,"column":6}},"21":{"start":{"line":71,"column":6},"end":{"line":77,"column":7}},"22":{"start":{"line":72,"column":8},"end":{"line":74,"column":9}},"23":{"start":{"line":73,"column":10},"end":{"line":null,"column":-1}},"24":{"start":{"line":76,"column":8},"end":{"line":null,"column":-1}},"25":{"start":{"line":79,"column":6},"end":{"line":null,"column":-1}},"26":{"start":{"line":92,"column":19},"end":{"line":null,"column":-1}},"27":{"start":{"line":93,"column":4},"end":{"line":null,"column":-1}},"28":{"start":{"line":94,"column":24},"end":{"line":94,"column":6}},"29":{"start":{"line":95,"column":18},"end":{"line":95,"column":6}},"30":{"start":{"line":96,"column":6},"end":{"line":100,"column":7}},"31":{"start":{"line":97,"column":8},"end":{"line":null,"column":-1}},"32":{"start":{"line":98,"column":8},"end":{"line":null,"column":-1}},"33":{"start":{"line":99,"column":8},"end":{"line":null,"column":-1}},"34":{"start":{"line":102,"column":6},"end":{"line":null,"column":-1}}},"fnMap":{"0":{"name":"FakeRedis","decl":{"start":{"line":12,"column":2},"end":{"line":12,"column":15}},"loc":{"start":{"line":12,"column":16},"end":{"line":14,"column":3}}},"1":{"name":"(anonymous_7)","decl":{"start":{"line":23,"column":23},"end":{"line":23,"column":23}},"loc":{"start":{"line":23,"column":36},"end":{"line":23,"column":11}}},"2":{"name":"(anonymous_9)","decl":{"start":{"line":35,"column":23},"end":{"line":null,"column":-1}},"loc":{"start":{"line":35,"column":23},"end":{"line":35,"column":11}}},"3":{"name":"(anonymous_11)","decl":{"start":{"line":47,"column":23},"end":{"line":47,"column":23}},"loc":{"start":{"line":47,"column":36},"end":{"line":47,"column":11}}},"4":{"name":"(anonymous_13)","decl":{"start":{"line":69,"column":23},"end":{"line":69,"column":23}},"loc":{"start":{"line":69,"column":44},"end":{"line":69,"column":11}}},"5":{"name":"(anonymous_15)","decl":{"start":{"line":93,"column":23},"end":{"line":93,"column":23}},"loc":{"start":{"line":93,"column":36},"end":{"line":93,"column":11}}}},"branchMap":{"0":{"loc":{"start":{"line":50,"column":6},"end":{"line":56,"column":7}},"type":"if","locations":[{"start":{"line":50,"column":6},"end":{"line":56,"column":7}},{"start":{"line":50,"column":6},"end":{"line":56,"column":7}}]},"1":{"loc":{"start":{"line":71,"column":6},"end":{"line":77,"column":7}},"type":"if","locations":[{"start":{"line":71,"column":6},"end":{"line":77,"column":7}},{"start":{"line":71,"column":6},"end":{"line":77,"column":7}}]},"2":{"loc":{"start":{"line":72,"column":8},"end":{"line":74,"column":9}},"type":"if","locations":[{"start":{"line":72,"column":8},"end":{"line":74,"column":9}},{"start":{"line":72,"column":8},"end":{"line":74,"column":9}}]},"3":{"loc":{"start":{"line":96,"column":6},"end":{"line":100,"column":7}},"type":"if","locations":[{"start":{"line":96,"column":6},"end":{"line":100,"column":7}},{"start":{"line":96,"column":6},"end":{"line":100,"column":7}}]}},"s":{"0":10,"1":10,"2":6,"3":6,"4":6,"5":6,"6":3,"7":3,"8":3,"9":4,"10":4,"11":4,"12":4,"13":1,"14":1,"15":3,"16":3,"17":4,"18":4,"19":4,"20":4,"21":4,"22":3,"23":2,"24":1,"25":1,"26":1,"27":1,"28":1,"29":1,"30":1,"31":1,"32":1,"33":1,"34":0},"f":{"0":10,"1":6,"2":3,"3":4,"4":4,"5":1},"b":{"0":[1,3],"1":[3,1],"2":[2,1],"3":[1,0]}}
,"/Users/andeladeveloper/Code/JavaScript/more-recipes/server/middleware/api.js": {"path":"/Users/andeladeveloper/Code/JavaScript/more-recipes/server/middleware/api.js","statementMap":{"0":{"start":{"line":9,"column":2},"end":{"line":null,"column":-1}},"1":{"start":{"line":9,"column":28},"end":{"line":9,"column":27}},"2":{"start":{"line":9,"column":28},"end":{"line":null,"column":-1}},"3":{"start":{"line":14,"column":2},"end":{"line":null,"column":-1}},"4":{"start":{"line":14,"column":28},"end":{"line":14,"column":27}},"5":{"start":{"line":14,"column":28},"end":{"line":null,"column":-1}},"6":{"start":{"line":19,"column":2},"end":{"line":null,"column":-1}}},"fnMap":{"0":{"name":"(anonymous_1)","decl":{"start":{"line":9,"column":28},"end":{"line":9,"column":28}},"loc":{"start":{"line":9,"column":28},"end":{"line":9,"column":2}}},"1":{"name":"(anonymous_2)","decl":{"start":{"line":14,"column":28},"end":{"line":14,"column":28}},"loc":{"start":{"line":14,"column":28},"end":{"line":14,"column":2}}}},"branchMap":{"0":{"loc":{"start":{"line":9,"column":28},"end":{"line":9,"column":47}},"type":"cond-expr","locations":[{"start":{"line":9,"column":28},"end":{"line":9,"column":47}},{"start":{"line":9,"column":48},"end":{"line":9,"column":28}}]},"1":{"loc":{"start":{"line":9,"column":28},"end":{"line":9,"column":47}},"type":"binary-expr","locations":[{"start":{"line":9,"column":28},"end":{"line":9,"column":47}},{"start":{"line":9,"column":28},"end":{"line":9,"column":47}}]},"2":{"loc":{"start":{"line":14,"column":28},"end":{"line":14,"column":47}},"type":"cond-expr","locations":[{"start":{"line":14,"column":28},"end":{"line":14,"column":47}},{"start":{"line":14,"column":48},"end":{"line":14,"column":28}}]},"3":{"loc":{"start":{"line":14,"column":28},"end":{"line":14,"column":47}},"type":"binary-expr","locations":[{"start":{"line":14,"column":28},"end":{"line":14,"column":47}},{"start":{"line":14,"column":28},"end":{"line":14,"column":47}}]}},"s":{"0":54,"1":29,"2":29,"3":54,"4":25,"5":25,"6":54},"f":{"0":29,"1":25},"b":{"0":[5,24],"1":[29,5],"2":[25,0],"3":[25,25]}}
,"/Users/andeladeveloper/Code/JavaScript/more-recipes/server/middleware/auth.js": {"path":"/Users/andeladeveloper/Code/JavaScript/more-recipes/server/middleware/auth.js","statementMap":{"0":{"start":{"line":1,"column":0},"end":{"line":null,"column":-1}},"1":{"start":{"line":2,"column":0},"end":{"line":null,"column":-1}},"2":{"start":{"line":3,"column":0},"end":{"line":null,"column":-1}},"3":{"start":{"line":14,"column":22},"end":{"line":14,"column":2}},"4":{"start":{"line":16,"column":2},"end":{"line":26,"column":3}},"5":{"start":{"line":17,"column":21},"end":{"line":17,"column":4}},"6":{"start":{"line":18,"column":17},"end":{"line":18,"column":4}},"7":{"start":{"line":19,"column":4},"end":{"line":23,"column":5}},"8":{"start":{"line":20,"column":6},"end":{"line":null,"column":-1}},"9":{"start":{"line":21,"column":6},"end":{"line":null,"column":-1}},"10":{"start":{"line":22,"column":6},"end":{"line":null,"column":-1}},"11":{"start":{"line":25,"column":4},"end":{"line":null,"column":-1}}},"fnMap":{},"branchMap":{"0":{"loc":{"start":{"line":14,"column":22},"end":{"line":14,"column":21}},"type":"binary-expr","locations":[{"start":{"line":14,"column":22},"end":{"line":14,"column":21}},{"start":{"line":14,"column":47},"end":{"line":14,"column":22}},{"start":{"line":14,"column":73},"end":{"line":14,"column":2}}]},"1":{"loc":{"start":{"line":19,"column":4},"end":{"line":23,"column":5}},"type":"if","locations":[{"start":{"line":19,"column":4},"end":{"line":23,"column":5}},{"start":{"line":19,"column":4},"end":{"line":23,"column":5}}]}},"s":{"0":1,"1":1,"2":1,"3":38,"4":38,"5":38,"6":35,"7":35,"8":35,"9":35,"10":35,"11":3},"f":{},"b":{"0":[38,38,38],"1":[35,0]}}
,"/Users/andeladeveloper/Code/JavaScript/more-recipes/server/middleware/authorize.js": {"path":"/Users/andeladeveloper/Code/JavaScript/more-recipes/server/middleware/authorize.js","statementMap":{"0":{"start":{"line":9,"column":2},"end":{"line":11,"column":3}},"1":{"start":{"line":10,"column":4},"end":{"line":null,"column":-1}},"2":{"start":{"line":13,"column":2},"end":{"line":null,"column":-1}}},"fnMap":{},"branchMap":{"0":{"loc":{"start":{"line":9,"column":2},"end":{"line":11,"column":3}},"type":"if","locations":[{"start":{"line":9,"column":2},"end":{"line":11,"column":3}},{"start":{"line":9,"column":2},"end":{"line":11,"column":3}}]}},"s":{"0":7,"1":2,"2":5},"f":{},"b":{"0":[2,5]}}
,"/Users/andeladeveloper/Code/JavaScript/more-recipes/server/middleware/canDownvote.js": {"path":"/Users/andeladeveloper/Code/JavaScript/more-recipes/server/middleware/canDownvote.js","statementMap":{"0":{"start":{"line":1,"column":0},"end":{"line":null,"column":-1}},"1":{"start":{"line":2,"column":0},"end":{"line":null,"column":-1}},"2":{"start":{"line":12,"column":2},"end":{"line":14,"column":3}},"3":{"start":{"line":13,"column":4},"end":{"line":null,"column":-1}},"4":{"start":{"line":16,"column":2},"end":{"line":null,"column":-1}},"5":{"start":{"line":18,"column":2},"end":{"line":null,"column":-1}}},"fnMap":{},"branchMap":{"0":{"loc":{"start":{"line":12,"column":2},"end":{"line":14,"column":3}},"type":"if","locations":[{"start":{"line":12,"column":2},"end":{"line":14,"column":3}},{"start":{"line":12,"column":2},"end":{"line":14,"column":3}}]}},"s":{"0":1,"1":1,"2":5,"3":1,"4":4,"5":4},"f":{},"b":{"0":[1,4]}}
,"/Users/andeladeveloper/Code/JavaScript/more-recipes/server/middleware/canFavorite.js": {"path":"/Users/andeladeveloper/Code/JavaScript/more-recipes/server/middleware/canFavorite.js","statementMap":{"0":{"start":{"line":9,"column":2},"end":{"line":11,"column":3}},"1":{"start":{"line":10,"column":4},"end":{"line":null,"column":-1}},"2":{"start":{"line":13,"column":2},"end":{"line":null,"column":-1}}},"fnMap":{},"branchMap":{"0":{"loc":{"start":{"line":9,"column":2},"end":{"line":11,"column":3}},"type":"if","locations":[{"start":{"line":9,"column":2},"end":{"line":11,"column":3}},{"start":{"line":9,"column":2},"end":{"line":11,"column":3}}]}},"s":{"0":3,"1":1,"2":2},"f":{},"b":{"0":[1,2]}}
,"/Users/andeladeveloper/Code/JavaScript/more-recipes/server/middleware/canReview.js": {"path":"/Users/andeladeveloper/Code/JavaScript/more-recipes/server/middleware/canReview.js","statementMap":{"0":{"start":{"line":1,"column":0},"end":{"line":null,"column":-1}},"1":{"start":{"line":11,"column":20},"end":{"line":11,"column":2}},"2":{"start":{"line":13,"column":2},"end":{"line":15,"column":3}},"3":{"start":{"line":14,"column":4},"end":{"line":null,"column":-1}},"4":{"start":{"line":17,"column":2},"end":{"line":null,"column":-1}}},"fnMap":{},"branchMap":{"0":{"loc":{"start":{"line":13,"column":2},"end":{"line":15,"column":3}},"type":"if","locations":[{"start":{"line":13,"column":2},"end":{"line":15,"column":3}},{"start":{"line":13,"column":2},"end":{"line":15,"column":3}}]}},"s":{"0":1,"1":2,"2":2,"3":1,"4":1},"f":{},"b":{"0":[1,1]}}
,"/Users/andeladeveloper/Code/JavaScript/more-recipes/server/middleware/canUpvote.js": {"path":"/Users/andeladeveloper/Code/JavaScript/more-recipes/server/middleware/canUpvote.js","statementMap":{"0":{"start":{"line":1,"column":0},"end":{"line":null,"column":-1}},"1":{"start":{"line":12,"column":2},"end":{"line":14,"column":3}},"2":{"start":{"line":13,"column":4},"end":{"line":null,"column":-1}},"3":{"start":{"line":16,"column":2},"end":{"line":null,"column":-1}},"4":{"start":{"line":18,"column":2},"end":{"line":null,"column":-1}}},"fnMap":{},"branchMap":{"0":{"loc":{"start":{"line":12,"column":2},"end":{"line":14,"column":3}},"type":"if","locations":[{"start":{"line":12,"column":2},"end":{"line":14,"column":3}},{"start":{"line":12,"column":2},"end":{"line":14,"column":3}}]}},"s":{"0":1,"1":5,"2":1,"3":4,"4":4},"f":{},"b":{"0":[1,4]}}
,"/Users/andeladeveloper/Code/JavaScript/more-recipes/server/middleware/createRecipeValidator.js": {"path":"/Users/andeladeveloper/Code/JavaScript/more-recipes/server/middleware/createRecipeValidator.js","statementMap":{"0":{"start":{"line":1,"column":0},"end":{"line":null,"column":-1}},"1":{"start":{"line":12,"column":20},"end":{"line":12,"column":2}},"2":{"start":{"line":14,"column":2},"end":{"line":16,"column":3}},"3":{"start":{"line":15,"column":4},"end":{"line":null,"column":-1}},"4":{"start":{"line":18,"column":2},"end":{"line":null,"column":-1}}},"fnMap":{},"branchMap":{"0":{"loc":{"start":{"line":14,"column":2},"end":{"line":16,"column":3}},"type":"if","locations":[{"start":{"line":14,"column":2},"end":{"line":16,"column":3}},{"start":{"line":14,"column":2},"end":{"line":16,"column":3}}]}},"s":{"0":1,"1":3,"2":3,"3":1,"4":2},"f":{},"b":{"0":[1,2]}}
,"/Users/andeladeveloper/Code/JavaScript/more-recipes/server/middleware/hasRecipe.js": {"path":"/Users/andeladeveloper/Code/JavaScript/more-recipes/server/middleware/hasRecipe.js","statementMap":{"0":{"start":{"line":1,"column":0},"end":{"line":null,"column":-1}},"1":{"start":{"line":11,"column":2},"end":{"line":27,"column":3}},"2":{"start":{"line":12,"column":19},"end":{"line":12,"column":4}},"3":{"start":{"line":19,"column":4},"end":{"line":21,"column":5}},"4":{"start":{"line":20,"column":6},"end":{"line":null,"column":-1}},"5":{"start":{"line":23,"column":4},"end":{"line":null,"column":-1}},"6":{"start":{"line":24,"column":4},"end":{"line":null,"column":-1}},"7":{"start":{"line":26,"column":4},"end":{"line":null,"column":-1}}},"fnMap":{},"branchMap":{"0":{"loc":{"start":{"line":12,"column":48},"end":{"line":12,"column":47}},"type":"binary-expr","locations":[{"start":{"line":12,"column":48},"end":{"line":12,"column":47}},{"start":{"line":12,"column":71},"end":{"line":12,"column":25}}]},"1":{"loc":{"start":{"line":19,"column":4},"end":{"line":21,"column":5}},"type":"if","locations":[{"start":{"line":19,"column":4},"end":{"line":21,"column":5}},{"start":{"line":19,"column":4},"end":{"line":21,"column":5}}]}},"s":{"0":1,"1":30,"2":30,"3":26,"4":0,"5":26,"6":26,"7":4},"f":{},"b":{"0":[30,27],"1":[0,26]}}
,"/Users/andeladeveloper/Code/JavaScript/more-recipes/server/middleware/index.js": {"path":"/Users/andeladeveloper/Code/JavaScript/more-recipes/server/middleware/index.js","statementMap":{"0":{"start":{"line":1,"column":0},"end":{"line":null,"column":-1}},"1":{"start":{"line":2,"column":0},"end":{"line":null,"column":-1}},"2":{"start":{"line":3,"column":0},"end":{"line":null,"column":-1}},"3":{"start":{"line":4,"column":0},"end":{"line":null,"column":-1}},"4":{"start":{"line":5,"column":0},"end":{"line":null,"column":-1}},"5":{"start":{"line":6,"column":0},"end":{"line":null,"column":-1}},"6":{"start":{"line":7,"column":0},"end":{"line":null,"column":-1}},"7":{"start":{"line":8,"column":0},"end":{"line":null,"column":-1}},"8":{"start":{"line":9,"column":0},"end":{"line":null,"column":-1}},"9":{"start":{"line":10,"column":0},"end":{"line":null,"column":-1}},"10":{"start":{"line":11,"column":0},"end":{"line":null,"column":-1}},"11":{"start":{"line":12,"column":0},"end":{"line":null,"column":-1}}},"fnMap":{},"branchMap":{},"s":{"0":1,"1":1,"2":1,"3":1,"4":1,"5":1,"6":1,"7":1,"8":1,"9":1,"10":1,"11":1},"f":{},"b":{}}
,"/Users/andeladeveloper/Code/JavaScript/more-recipes/server/middleware/registerUserValidator.js": {"path":"/Users/andeladeveloper/Code/JavaScript/more-recipes/server/middleware/registerUserValidator.js","statementMap":{"0":{"start":{"line":1,"column":0},"end":{"line":null,"column":-1}},"1":{"start":{"line":12,"column":20},"end":{"line":12,"column":2}},"2":{"start":{"line":13,"column":18},"end":{"line":13,"column":2}},"3":{"start":{"line":14,"column":2},"end":{"line":16,"column":3}},"4":{"start":{"line":15,"column":4},"end":{"line":null,"column":-1}},"5":{"start":{"line":18,"column":2},"end":{"line":null,"column":-1}}},"fnMap":{},"branchMap":{"0":{"loc":{"start":{"line":14,"column":2},"end":{"line":16,"column":3}},"type":"if","locations":[{"start":{"line":14,"column":2},"end":{"line":16,"column":3}},{"start":{"line":14,"column":2},"end":{"line":16,"column":3}}]}},"s":{"0":1,"1":4,"2":4,"3":4,"4":1,"5":3},"f":{},"b":{"0":[1,3]}}
,"/Users/andeladeveloper/Code/JavaScript/more-recipes/server/middleware/signinUserValidator.js": {"path":"/Users/andeladeveloper/Code/JavaScript/more-recipes/server/middleware/signinUserValidator.js","statementMap":{"0":{"start":{"line":1,"column":0},"end":{"line":null,"column":-1}},"1":{"start":{"line":12,"column":20},"end":{"line":12,"column":2}},"2":{"start":{"line":14,"column":2},"end":{"line":16,"column":3}},"3":{"start":{"line":15,"column":4},"end":{"line":null,"column":-1}},"4":{"start":{"line":18,"column":2},"end":{"line":null,"column":-1}}},"fnMap":{},"branchMap":{"0":{"loc":{"start":{"line":14,"column":2},"end":{"line":16,"column":3}},"type":"if","locations":[{"start":{"line":14,"column":2},"end":{"line":16,"column":3}},{"start":{"line":14,"column":2},"end":{"line":16,"column":3}}]}},"s":{"0":1,"1":5,"2":5,"3":2,"4":3},"f":{},"b":{"0":[2,3]}}
,"/Users/andeladeveloper/Code/JavaScript/more-recipes/server/middleware/updateRecipeValidator.js": {"path":"/Users/andeladeveloper/Code/JavaScript/more-recipes/server/middleware/updateRecipeValidator.js","statementMap":{"0":{"start":{"line":1,"column":0},"end":{"line":null,"column":-1}},"1":{"start":{"line":12,"column":20},"end":{"line":12,"column":2}},"2":{"start":{"line":14,"column":2},"end":{"line":16,"column":3}},"3":{"start":{"line":15,"column":4},"end":{"line":null,"column":-1}},"4":{"start":{"line":18,"column":2},"end":{"line":null,"column":-1}}},"fnMap":{},"branchMap":{"0":{"loc":{"start":{"line":14,"column":2},"end":{"line":16,"column":3}},"type":"if","locations":[{"start":{"line":14,"column":2},"end":{"line":16,"column":3}},{"start":{"line":14,"column":2},"end":{"line":16,"column":3}}]}},"s":{"0":1,"1":4,"2":4,"3":3,"4":1},"f":{},"b":{"0":[3,1]}}
,"/Users/andeladeveloper/Code/JavaScript/more-recipes/server/routes/frontend.js": {"path":"/Users/andeladeveloper/Code/JavaScript/more-recipes/server/routes/frontend.js","statementMap":{"0":{"start":{"line":1,"column":0},"end":{"line":null,"column":-1}},"1":{"start":{"line":3,"column":0},"end":{"line":null,"column":-1}},"2":{"start":{"line":5,"column":23},"end":{"line":5,"column":0}},"3":{"start":{"line":6,"column":27},"end":{"line":6,"column":0}},"4":{"start":{"line":8,"column":0},"end":{"line":null,"column":-1}}},"fnMap":{},"branchMap":{},"s":{"0":1,"1":1,"2":1,"3":1,"4":1},"f":{},"b":{}}
,"/Users/andeladeveloper/Code/JavaScript/more-recipes/server/routes/index.js": {"path":"/Users/andeladeveloper/Code/JavaScript/more-recipes/server/routes/index.js","statementMap":{"0":{"start":{"line":1,"column":0},"end":{"line":null,"column":-1}},"1":{"start":{"line":2,"column":0},"end":{"line":null,"column":-1}},"2":{"start":{"line":3,"column":0},"end":{"line":null,"column":-1}}},"fnMap":{},"branchMap":{},"s":{"0":1,"1":1,"2":1},"f":{},"b":{}}
,"/Users/andeladeveloper/Code/JavaScript/more-recipes/server/routes/recipes.js": {"path":"/Users/andeladeveloper/Code/JavaScript/more-recipes/server/routes/recipes.js","statementMap":{"0":{"start":{"line":1,"column":0},"end":{"line":null,"column":-1}},"1":{"start":{"line":2,"column":0},"end":{"line":null,"column":-1}},"2":{"start":{"line":3,"column":0},"end":{"line":null,"column":-1}},"3":{"start":{"line":5,"column":22},"end":{"line":5,"column":0}},"4":{"start":{"line":6,"column":26},"end":{"line":6,"column":0}},"5":{"start":{"line":7,"column":26},"end":{"line":7,"column":0}},"6":{"start":{"line":8,"column":24},"end":{"line":8,"column":0}},"7":{"start":{"line":10,"column":0},"end":{"line":null,"column":-1}},"8":{"start":{"line":11,"column":0},"end":{"line":null,"column":-1}},"9":{"start":{"line":12,"column":0},"end":{"line":null,"column":-1}},"10":{"start":{"line":13,"column":0},"end":{"line":null,"column":-1}},"11":{"start":{"line":14,"column":0},"end":{"line":null,"column":-1}},"12":{"start":{"line":16,"column":0},"end":{"line":null,"column":-1}},"13":{"start":{"line":17,"column":0},"end":{"line":null,"column":-1}},"14":{"start":{"line":18,"column":0},"end":{"line":null,"column":-1}},"15":{"start":{"line":19,"column":0},"end":{"line":null,"column":-1}},"16":{"start":{"line":20,"column":0},"end":{"line":null,"column":-1}},"17":{"start":{"line":21,"column":0},"end":{"line":null,"column":-1}}},"fnMap":{},"branchMap":{},"s":{"0":1,"1":1,"2":1,"3":1,"4":1,"5":1,"6":1,"7":1,"8":1,"9":1,"10":1,"11":1,"12":1,"13":1,"14":1,"15":1,"16":1,"17":1},"f":{},"b":{}}
,"/Users/andeladeveloper/Code/JavaScript/more-recipes/server/routes/users.js": {"path":"/Users/andeladeveloper/Code/JavaScript/more-recipes/server/routes/users.js","statementMap":{"0":{"start":{"line":1,"column":0},"end":{"line":null,"column":-1}},"1":{"start":{"line":2,"column":0},"end":{"line":null,"column":-1}},"2":{"start":{"line":3,"column":0},"end":{"line":null,"column":-1}},"3":{"start":{"line":5,"column":19},"end":{"line":5,"column":0}},"4":{"start":{"line":6,"column":23},"end":{"line":6,"column":0}},"5":{"start":{"line":7,"column":24},"end":{"line":7,"column":0}},"6":{"start":{"line":8,"column":27},"end":{"line":8,"column":0}},"7":{"start":{"line":10,"column":0},"end":{"line":null,"column":-1}},"8":{"start":{"line":11,"column":0},"end":{"line":null,"column":-1}},"9":{"start":{"line":12,"column":0},"end":{"line":null,"column":-1}},"10":{"start":{"line":13,"column":0},"end":{"line":null,"column":-1}},"11":{"start":{"line":14,"column":0},"end":{"line":null,"column":-1}},"12":{"start":{"line":15,"column":0},"end":{"line":null,"column":-1}},"13":{"start":{"line":16,"column":0},"end":{"line":null,"column":-1}},"14":{"start":{"line":17,"column":0},"end":{"line":null,"column":-1}}},"fnMap":{},"branchMap":{},"s":{"0":1,"1":1,"2":1,"3":1,"4":1,"5":1,"6":1,"7":1,"8":1,"9":1,"10":1,"11":1,"12":1,"13":1,"14":1},"f":{},"b":{}}
,"/Users/andeladeveloper/Code/JavaScript/more-recipes/server/test/feature/auth.spec.js": {"path":"/Users/andeladeveloper/Code/JavaScript/more-recipes/server/test/feature/auth.spec.js","statementMap":{"0":{"start":{"line":2,"column":0},"end":{"line":null,"column":-1}},"1":{"start":{"line":3,"column":0},"end":{"line":null,"column":-1}},"2":{"start":{"line":4,"column":0},"end":{"line":null,"column":-1}},"3":{"start":{"line":5,"column":0},"end":{"line":null,"column":-1}},"4":{"start":{"line":6,"column":0},"end":{"line":null,"column":-1}},"5":{"start":{"line":7,"column":0},"end":{"line":null,"column":-1}},"6":{"start":{"line":9,"column":0},"end":{"line":null,"column":-1}},"7":{"start":{"line":10,"column":0},"end":{"line":null,"column":-1}},"8":{"start":{"line":11,"column":0},"end":{"line":null,"column":-1}},"9":{"start":{"line":14,"column":19},"end":{"line":14,"column":0}},"10":{"start":{"line":16,"column":0},"end":{"line":null,"column":-1}},"11":{"start":{"line":17,"column":2},"end":{"line":null,"column":-1}},"12":{"start":{"line":18,"column":4},"end":{"line":null,"column":-1}},"13":{"start":{"line":20,"column":2},"end":{"line":null,"column":-1}},"14":{"start":{"line":21,"column":4},"end":{"line":null,"column":-1}},"15":{"start":{"line":22,"column":6},"end":{"line":null,"column":-1}},"16":{"start":{"line":30,"column":8},"end":{"line":null,"column":-1}},"17":{"start":{"line":31,"column":29},"end":{"line":31,"column":8}},"18":{"start":{"line":33,"column":8},"end":{"line":null,"column":-1}},"19":{"start":{"line":34,"column":8},"end":{"line":null,"column":-1}},"20":{"start":{"line":35,"column":8},"end":{"line":null,"column":-1}},"21":{"start":{"line":38,"column":4},"end":{"line":null,"column":-1}},"22":{"start":{"line":39,"column":6},"end":{"line":null,"column":-1}},"23":{"start":{"line":45,"column":8},"end":{"line":null,"column":-1}},"24":{"start":{"line":46,"column":29},"end":{"line":46,"column":8}},"25":{"start":{"line":48,"column":8},"end":{"line":null,"column":-1}},"26":{"start":{"line":52,"column":8},"end":{"line":null,"column":-1}},"27":{"start":{"line":55,"column":4},"end":{"line":null,"column":-1}},"28":{"start":{"line":56,"column":6},"end":{"line":null,"column":-1}},"29":{"start":{"line":58,"column":22},"end":{"line":58,"column":8}},"30":{"start":{"line":59,"column":8},"end":{"line":null,"column":-1}},"31":{"start":{"line":61,"column":6},"end":{"line":null,"column":-1}},"32":{"start":{"line":62,"column":8},"end":{"line":null,"column":-1}},"33":{"start":{"line":64,"column":6},"end":{"line":null,"column":-1}},"34":{"start":{"line":66,"column":25},"end":{"line":66,"column":8}},"35":{"start":{"line":73,"column":8},"end":{"line":null,"column":-1}},"36":{"start":{"line":78,"column":2},"end":{"line":null,"column":-1}},"37":{"start":{"line":79,"column":4},"end":{"line":null,"column":-1}},"38":{"start":{"line":81,"column":6},"end":{"line":null,"column":-1}},"39":{"start":{"line":88,"column":4},"end":{"line":null,"column":-1}},"40":{"start":{"line":89,"column":6},"end":{"line":null,"column":-1}},"41":{"start":{"line":96,"column":10},"end":{"line":null,"column":-1}},"42":{"start":{"line":97,"column":31},"end":{"line":97,"column":10}},"43":{"start":{"line":99,"column":10},"end":{"line":null,"column":-1}},"44":{"start":{"line":100,"column":10},"end":{"line":null,"column":-1}},"45":{"start":{"line":101,"column":10},"end":{"line":null,"column":-1}},"46":{"start":{"line":104,"column":4},"end":{"line":null,"column":-1}},"47":{"start":{"line":105,"column":6},"end":{"line":null,"column":-1}},"48":{"start":{"line":112,"column":8},"end":{"line":null,"column":-1}},"49":{"start":{"line":113,"column":29},"end":{"line":113,"column":8}},"50":{"start":{"line":115,"column":8},"end":{"line":null,"column":-1}},"51":{"start":{"line":116,"column":8},"end":{"line":null,"column":-1}},"52":{"start":{"line":119,"column":4},"end":{"line":null,"column":-1}},"53":{"start":{"line":120,"column":6},"end":{"line":null,"column":-1}},"54":{"start":{"line":127,"column":8},"end":{"line":null,"column":-1}},"55":{"start":{"line":128,"column":29},"end":{"line":128,"column":8}},"56":{"start":{"line":130,"column":8},"end":{"line":null,"column":-1}},"57":{"start":{"line":131,"column":8},"end":{"line":null,"column":-1}},"58":{"start":{"line":134,"column":4},"end":{"line":null,"column":-1}},"59":{"start":{"line":135,"column":6},"end":{"line":null,"column":-1}},"60":{"start":{"line":139,"column":8},"end":{"line":null,"column":-1}},"61":{"start":{"line":140,"column":29},"end":{"line":140,"column":8}},"62":{"start":{"line":142,"column":8},"end":{"line":null,"column":-1}},"63":{"start":{"line":143,"column":8},"end":{"line":null,"column":-1}},"64":{"start":{"line":144,"column":8},"end":{"line":null,"column":-1}},"65":{"start":{"line":147,"column":4},"end":{"line":null,"column":-1}},"66":{"start":{"line":148,"column":6},"end":{"line":null,"column":-1}},"67":{"start":{"line":155,"column":8},"end":{"line":null,"column":-1}},"68":{"start":{"line":156,"column":29},"end":{"line":156,"column":8}},"69":{"start":{"line":158,"column":8},"end":{"line":null,"column":-1}},"70":{"start":{"line":159,"column":8},"end":{"line":null,"column":-1}}},"fnMap":{"0":{"name":"(anonymous_1)","decl":{"start":{"line":16,"column":19},"end":{"line":16,"column":24}},"loc":{"start":{"line":16,"column":25},"end":{"line":16,"column":0}}},"1":{"name":"(anonymous_2)","decl":{"start":{"line":17,"column":13},"end":{"line":17,"column":24}},"loc":{"start":{"line":17,"column":25},"end":{"line":17,"column":2}}},"2":{"name":"(anonymous_3)","decl":{"start":{"line":20,"column":22},"end":{"line":20,"column":27}},"loc":{"start":{"line":20,"column":28},"end":{"line":20,"column":2}}},"3":{"name":"(anonymous_4)","decl":{"start":{"line":21,"column":37},"end":{"line":21,"column":37}},"loc":{"start":{"line":21,"column":47},"end":{"line":21,"column":4}}},"4":{"name":"(anonymous_5)","decl":{"start":{"line":29,"column":11},"end":{"line":29,"column":11}},"loc":{"start":{"line":29,"column":32},"end":{"line":22,"column":6}}},"5":{"name":"(anonymous_6)","decl":{"start":{"line":38,"column":66},"end":{"line":38,"column":66}},"loc":{"start":{"line":38,"column":76},"end":{"line":38,"column":4}}},"6":{"name":"(anonymous_7)","decl":{"start":{"line":44,"column":11},"end":{"line":44,"column":11}},"loc":{"start":{"line":44,"column":32},"end":{"line":39,"column":6}}},"7":{"name":"(anonymous_8)","decl":{"start":{"line":55,"column":47},"end":{"line":55,"column":52}},"loc":{"start":{"line":55,"column":53},"end":{"line":55,"column":4}}},"8":{"name":"(anonymous_9)","decl":{"start":{"line":56,"column":17},"end":{"line":56,"column":22}},"loc":{"start":{"line":56,"column":23},"end":{"line":56,"column":6}}},"9":{"name":"(anonymous_10)","decl":{"start":{"line":61,"column":16},"end":{"line":61,"column":21}},"loc":{"start":{"line":61,"column":22},"end":{"line":61,"column":6}}},"10":{"name":"(anonymous_11)","decl":{"start":{"line":64,"column":78},"end":{"line":64,"column":89}},"loc":{"start":{"line":64,"column":90},"end":{"line":64,"column":6}}},"11":{"name":"(anonymous_12)","decl":{"start":{"line":78,"column":22},"end":{"line":78,"column":27}},"loc":{"start":{"line":78,"column":28},"end":{"line":78,"column":2}}},"12":{"name":"(anonymous_13)","decl":{"start":{"line":79,"column":15},"end":{"line":79,"column":26}},"loc":{"start":{"line":79,"column":27},"end":{"line":79,"column":4}}},"13":{"name":"(anonymous_14)","decl":{"start":{"line":88,"column":62},"end":{"line":88,"column":62}},"loc":{"start":{"line":88,"column":72},"end":{"line":88,"column":4}}},"14":{"name":"(anonymous_15)","decl":{"start":{"line":95,"column":13},"end":{"line":95,"column":13}},"loc":{"start":{"line":95,"column":34},"end":{"line":89,"column":6}}},"15":{"name":"(anonymous_16)","decl":{"start":{"line":104,"column":107},"end":{"line":104,"column":107}},"loc":{"start":{"line":104,"column":117},"end":{"line":104,"column":4}}},"16":{"name":"(anonymous_17)","decl":{"start":{"line":111,"column":11},"end":{"line":111,"column":11}},"loc":{"start":{"line":111,"column":32},"end":{"line":105,"column":6}}},"17":{"name":"(anonymous_18)","decl":{"start":{"line":119,"column":106},"end":{"line":119,"column":106}},"loc":{"start":{"line":119,"column":116},"end":{"line":119,"column":4}}},"18":{"name":"(anonymous_19)","decl":{"start":{"line":126,"column":11},"end":{"line":126,"column":11}},"loc":{"start":{"line":126,"column":32},"end":{"line":120,"column":6}}},"19":{"name":"(anonymous_20)","decl":{"start":{"line":134,"column":130},"end":{"line":134,"column":130}},"loc":{"start":{"line":134,"column":140},"end":{"line":134,"column":4}}},"20":{"name":"(anonymous_21)","decl":{"start":{"line":138,"column":11},"end":{"line":138,"column":11}},"loc":{"start":{"line":138,"column":32},"end":{"line":135,"column":6}}},"21":{"name":"(anonymous_22)","decl":{"start":{"line":147,"column":98},"end":{"line":147,"column":98}},"loc":{"start":{"line":147,"column":108},"end":{"line":147,"column":4}}},"22":{"name":"(anonymous_23)","decl":{"start":{"line":154,"column":11},"end":{"line":154,"column":11}},"loc":{"start":{"line":154,"column":32},"end":{"line":148,"column":6}}}},"branchMap":{},"s":{"0":1,"1":1,"2":1,"3":1,"4":1,"5":1,"6":1,"7":1,"8":1,"9":1,"10":1,"11":1,"12":7,"13":1,"14":1,"15":1,"16":1,"17":1,"18":1,"19":1,"20":1,"21":1,"22":1,"23":1,"24":1,"25":1,"26":1,"27":1,"28":1,"29":0,"30":0,"31":1,"32":0,"33":1,"34":0,"35":0,"36":1,"37":1,"38":5,"39":1,"40":1,"41":1,"42":1,"43":1,"44":1,"45":1,"46":1,"47":1,"48":1,"49":1,"50":1,"51":1,"52":1,"53":1,"54":1,"55":1,"56":1,"57":1,"58":1,"59":1,"60":1,"61":1,"62":1,"63":1,"64":1,"65":1,"66":1,"67":1,"68":1,"69":1,"70":1},"f":{"0":1,"1":7,"2":1,"3":1,"4":1,"5":1,"6":1,"7":1,"8":0,"9":0,"10":0,"11":1,"12":5,"13":1,"14":1,"15":1,"16":1,"17":1,"18":1,"19":1,"20":1,"21":1,"22":1},"b":{}}
[...]
,"/Users/andeladeveloper/Code/JavaScript/more-recipes/server/validators/storeRecipeValidator.js": {"path":"/Users/andeladeveloper/Code/JavaScript/more-recipes/server/validators/storeRecipeValidator.js","statementMap":{"0":{"start":{"line":1,"column":0},"end":{"line":null,"column":-1}},"1":{"start":{"line":11,"column":22},"end":{"line":null,"column":-1}},"2":{"start":{"line":12,"column":4},"end":{"line":null,"column":-1}},"3":{"start":{"line":13,"column":4},"end":{"line":null,"column":-1}},"4":{"start":{"line":22,"column":4},"end":{"line":31,"column":5}},"5":{"start":{"line":23,"column":6},"end":{"line":null,"column":-1}},"6":{"start":{"line":24,"column":6},"end":{"line":null,"column":-1}},"7":{"start":{"line":25,"column":6},"end":{"line":null,"column":-1}},"8":{"start":{"line":26,"column":6},"end":{"line":null,"column":-1}},"9":{"start":{"line":27,"column":6},"end":{"line":null,"column":-1}},"10":{"start":{"line":28,"column":6},"end":{"line":null,"column":-1}},"11":{"start":{"line":30,"column":6},"end":{"line":null,"column":-1}},"12":{"start":{"line":33,"column":4},"end":{"line":35,"column":5}},"13":{"start":{"line":34,"column":6},"end":{"line":null,"column":-1}},"14":{"start":{"line":37,"column":4},"end":{"line":null,"column":-1}},"15":{"start":{"line":47,"column":4},"end":{"line":53,"column":5}},"16":{"start":{"line":48,"column":6},"end":{"line":50,"column":7}},"17":{"start":{"line":49,"column":8},"end":{"line":null,"column":-1}},"18":{"start":{"line":52,"column":6},"end":{"line":null,"column":-1}},"19":{"start":{"line":63,"column":4},"end":{"line":69,"column":5}},"20":{"start":{"line":64,"column":6},"end":{"line":66,"column":7}},"21":{"start":{"line":65,"column":8},"end":{"line":null,"column":-1}},"22":{"start":{"line":68,"column":6},"end":{"line":null,"column":-1}},"23":{"start":{"line":78,"column":4},"end":{"line":84,"column":5}},"24":{"start":{"line":79,"column":6},"end":{"line":81,"column":7}},"25":{"start":{"line":80,"column":8},"end":{"line":null,"column":-1}},"26":{"start":{"line":83,"column":6},"end":{"line":null,"column":-1}},"27":{"start":{"line":93,"column":26},"end":{"line":92,"column":24}},"28":{"start":{"line":95,"column":4},"end":{"line":114,"column":5}},"29":{"start":{"line":96,"column":6},"end":{"line":101,"column":7}},"30":{"start":{"line":97,"column":8},"end":{"line":null,"column":-1}},"31":{"start":{"line":99,"column":8},"end":{"line":null,"column":-1}},"32":{"start":{"line":100,"column":8},"end":{"line":null,"column":-1}},"33":{"start":{"line":103,"column":6},"end":{"line":105,"column":7}},"34":{"start":{"line":104,"column":8},"end":{"line":null,"column":-1}},"35":{"start":{"line":107,"column":6},"end":{"line":111,"column":7}},"36":{"start":{"line":108,"column":8},"end":{"line":110,"column":9}},"37":{"start":{"line":109,"column":10},"end":{"line":null,"column":-1}},"38":{"start":{"line":113,"column":6},"end":{"line":null,"column":-1}},"39":{"start":{"line":122,"column":4},"end":{"line":128,"column":5}},"40":{"start":{"line":123,"column":6},"end":{"line":125,"column":7}},"41":{"start":{"line":124,"column":8},"end":{"line":null,"column":-1}},"42":{"start":{"line":127,"column":6},"end":{"line":null,"column":-1}},"43":{"start":{"line":137,"column":24},"end":{"line":136,"column":22}},"44":{"start":{"line":139,"column":4},"end":{"line":157,"column":5}},"45":{"start":{"line":140,"column":6},"end":{"line":145,"column":7}},"46":{"start":{"line":141,"column":8},"end":{"line":null,"column":-1}},"47":{"start":{"line":143,"column":8},"end":{"line":null,"column":-1}},"48":{"start":{"line":144,"column":8},"end":{"line":null,"column":-1}},"49":{"start":{"line":146,"column":6},"end":{"line":148,"column":7}},"50":{"start":{"line":147,"column":8},"end":{"line":null,"column":-1}},"51":{"start":{"line":150,"column":6},"end":{"line":154,"column":7}},"52":{"start":{"line":151,"column":8},"end":{"line":153,"column":9}},"53":{"start":{"line":152,"column":10},"end":{"line":null,"column":-1}},"54":{"start":{"line":156,"column":6},"end":{"line":null,"column":-1}}},"fnMap":{"0":{"name":"StoreRecipeValidator","decl":{"start":{"line":11,"column":2},"end":{"line":11,"column":13}},"loc":{"start":{"line":11,"column":22},"end":{"line":14,"column":3}}}},"branchMap":{"0":{"loc":{"start":{"line":22,"column":4},"end":{"line":31,"column":5}},"type":"if","locations":[{"start":{"line":22,"column":4},"end":{"line":31,"column":5}},{"start":{"line":22,"column":4},"end":{"line":31,"column":5}}]},"1":{"loc":{"start":{"line":33,"column":4},"end":{"line":35,"column":5}},"type":"if","locations":[{"start":{"line":33,"column":4},"end":{"line":35,"column":5}},{"start":{"line":33,"column":4},"end":{"line":35,"column":5}}]},"2":{"loc":{"start":{"line":47,"column":4},"end":{"line":53,"column":5}},"type":"if","locations":[{"start":{"line":47,"column":4},"end":{"line":53,"column":5}},{"start":{"line":47,"column":4},"end":{"line":53,"column":5}}]},"3":{"loc":{"start":{"line":48,"column":6},"end":{"line":50,"column":7}},"type":"if","locations":[{"start":{"line":48,"column":6},"end":{"line":50,"column":7}},{"start":{"line":48,"column":6},"end":{"line":50,"column":7}}]},"4":{"loc":{"start":{"line":63,"column":4},"end":{"line":69,"column":5}},"type":"if","locations":[{"start":{"line":63,"column":4},"end":{"line":69,"column":5}},{"start":{"line":63,"column":4},"end":{"line":69,"column":5}}]},"5":{"loc":{"start":{"line":64,"column":6},"end":{"line":66,"column":7}},"type":"if","locations":[{"start":{"line":64,"column":6},"end":{"line":66,"column":7}},{"start":{"line":64,"column":6},"end":{"line":66,"column":7}}]},"6":{"loc":{"start":{"line":78,"column":4},"end":{"line":84,"column":5}},"type":"if","locations":[{"start":{"line":78,"column":4},"end":{"line":84,"column":5}},{"start":{"line":78,"column":4},"end":{"line":84,"column":5}}]},"7":{"loc":{"start":{"line":79,"column":6},"end":{"line":81,"column":7}},"type":"if","locations":[{"start":{"line":79,"column":6},"end":{"line":81,"column":7}},{"start":{"line":79,"column":6},"end":{"line":81,"column":7}}]},"8":{"loc":{"start":{"line":95,"column":4},"end":{"line":114,"column":5}},"type":"if","locations":[{"start":{"line":95,"column":4},"end":{"line":114,"column":5}},{"start":{"line":95,"column":4},"end":{"line":114,"column":5}}]},"9":{"loc":{"start":{"line":103,"column":6},"end":{"line":105,"column":7}},"type":"if","locations":[{"start":{"line":103,"column":6},"end":{"line":105,"column":7}},{"start":{"line":103,"column":6},"end":{"line":105,"column":7}}]},"10":{"loc":{"start":{"line":107,"column":6},"end":{"line":111,"column":7}},"type":"if","locations":[{"start":{"line":107,"column":6},"end":{"line":111,"column":7}},{"start":{"line":107,"column":6},"end":{"line":111,"column":7}}]},"11":{"loc":{"start":{"line":108,"column":8},"end":{"line":110,"column":9}},"type":"if","locations":[{"start":{"line":108,"column":8},"end":{"line":110,"column":9}},{"start":{"line":108,"column":8},"end":{"line":110,"column":9}}]},"12":{"loc":{"start":{"line":122,"column":4},"end":{"line":128,"column":5}},"type":"if","locations":[{"start":{"line":122,"column":4},"end":{"line":128,"column":5}},{"start":{"line":122,"column":4},"end":{"line":128,"column":5}}]},"13":{"loc":{"start":{"line":123,"column":6},"end":{"line":125,"column":7}},"type":"if","locations":[{"start":{"line":123,"column":6},"end":{"line":125,"column":7}},{"start":{"line":123,"column":6},"end":{"line":125,"column":7}}]},"14":{"loc":{"start":{"line":139,"column":4},"end":{"line":157,"column":5}},"type":"if","locations":[{"start":{"line":139,"column":4},"end":{"line":157,"column":5}},{"start":{"line":139,"column":4},"end":{"line":157,"column":5}}]},"15":{"loc":{"start":{"line":146,"column":6},"end":{"line":148,"column":7}},"type":"if","locations":[{"start":{"line":146,"column":6},"end":{"line":148,"column":7}},{"start":{"line":146,"column":6},"end":{"line":148,"column":7}}]},"16":{"loc":{"start":{"line":150,"column":6},"end":{"line":154,"column":7}},"type":"if","locations":[{"start":{"line":150,"column":6},"end":{"line":154,"column":7}},{"start":{"line":150,"column":6},"end":{"line":154,"column":7}}]},"17":{"loc":{"start":{"line":151,"column":8},"end":{"line":153,"column":9}},"type":"if","locations":[{"start":{"line":151,"column":8},"end":{"line":153,"column":9}},{"start":{"line":151,"column":8},"end":{"line":153,"column":9}}]}},"s":{"0":1,"1":18,"2":18,"3":18,"4":18,"5":17,"6":17,"7":17,"8":17,"9":17,"10":17,"11":1,"12":18,"13":16,"14":2,"15":17,"16":3,"17":1,"18":14,"19":17,"20":4,"21":1,"22":13,"23":17,"24":3,"25":1,"26":14,"27":17,"28":17,"29":6,"30":6,"31":1,"32":1,"33":5,"34":1,"35":5,"36":4,"37":1,"38":11,"39":17,"40":3,"41":1,"42":14,"43":17,"44":17,"45":6,"46":6,"47":1,"48":1,"49":5,"50":1,"51":5,"52":4,"53":1,"54":11},"f":{"0":18},"b":{"0":[17,1],"1":[16,2],"2":[3,14],"3":[1,2],"4":[4,13],"5":[1,3],"6":[3,14],"7":[1,2],"8":[6,11],"9":[1,4],"10":[4,1],"11":[1,3],"12":[3,14],"13":[1,2],"14":[6,11],"15":[1,4],"16":[4,1],"17":[1,3]}}
,"/Users/andeladeveloper/Code/JavaScript/more-recipes/server/validators/storeReviewValidator.js": {"path":"/Users/andeladeveloper/Code/JavaScript/more-recipes/server/validators/storeReviewValidator.js","statementMap":{"0":{"start":{"line":13,"column":22},"end":{"line":null,"column":-1}},"1":{"start":{"line":14,"column":4},"end":{"line":null,"column":-1}},"2":{"start":{"line":16,"column":4},"end":{"line":null,"column":-1}},"3":{"start":{"line":26,"column":4},"end":{"line":null,"column":-1}},"4":{"start":{"line":28,"column":4},"end":{"line":30,"column":5}},"5":{"start":{"line":29,"column":6},"end":{"line":null,"column":-1}},"6":{"start":{"line":32,"column":4},"end":{"line":null,"column":-1}},"7":{"start":{"line":42,"column":4},"end":{"line":48,"column":5}},"8":{"start":{"line":43,"column":6},"end":{"line":45,"column":7}},"9":{"start":{"line":44,"column":8},"end":{"line":null,"column":-1}},"10":{"start":{"line":47,"column":6},"end":{"line":null,"column":-1}}},"fnMap":{"0":{"name":"StoreReviewValidator","decl":{"start":{"line":13,"column":2},"end":{"line":13,"column":13}},"loc":{"start":{"line":13,"column":22},"end":{"line":17,"column":3}}}},"branchMap":{"0":{"loc":{"start":{"line":28,"column":4},"end":{"line":30,"column":5}},"type":"if","locations":[{"start":{"line":28,"column":4},"end":{"line":30,"column":5}},{"start":{"line":28,"column":4},"end":{"line":30,"column":5}}]},"1":{"loc":{"start":{"line":42,"column":4},"end":{"line":48,"column":5}},"type":"if","locations":[{"start":{"line":42,"column":4},"end":{"line":48,"column":5}},{"start":{"line":42,"column":4},"end":{"line":48,"column":5}}]},"2":{"loc":{"start":{"line":43,"column":6},"end":{"line":45,"column":7}},"type":"if","locations":[{"start":{"line":43,"column":6},"end":{"line":45,"column":7}},{"start":{"line":43,"column":6},"end":{"line":45,"column":7}}]}},"s":{"0":4,"1":4,"2":4,"3":4,"4":4,"5":3,"6":1,"7":4,"8":2,"9":1,"10":2},"f":{"0":4},"b":{"0":[3,1],"1":[2,2],"2":[1,1]}}
,"/Users/andeladeveloper/Code/JavaScript/more-recipes/server/validators/updateRecipeValidator.js": {"path":"/Users/andeladeveloper/Code/JavaScript/more-recipes/server/validators/updateRecipeValidator.js","statementMap":{"0":{"start":{"line":1,"column":0},"end":{"line":null,"column":-1}},"1":{"start":{"line":11,"column":22},"end":{"line":null,"column":-1}},"2":{"start":{"line":12,"column":4},"end":{"line":null,"column":-1}},"3":{"start":{"line":13,"column":4},"end":{"line":null,"column":-1}},"4":{"start":{"line":22,"column":4},"end":{"line":null,"column":-1}},"5":{"start":{"line":23,"column":4},"end":{"line":null,"column":-1}},"6":{"start":{"line":24,"column":4},"end":{"line":null,"column":-1}},"7":{"start":{"line":25,"column":4},"end":{"line":null,"column":-1}},"8":{"start":{"line":26,"column":4},"end":{"line":null,"column":-1}},"9":{"start":{"line":27,"column":4},"end":{"line":null,"column":-1}},"10":{"start":{"line":29,"column":4},"end":{"line":31,"column":5}},"11":{"start":{"line":30,"column":6},"end":{"line":null,"column":-1}},"12":{"start":{"line":33,"column":4},"end":{"line":null,"column":-1}},"13":{"start":{"line":43,"column":4},"end":{"line":47,"column":5}},"14":{"start":{"line":44,"column":6},"end":{"line":46,"column":7}},"15":{"start":{"line":45,"column":8},"end":{"line":null,"column":-1}},"16":{"start":{"line":57,"column":4},"end":{"line":61,"column":5}},"17":{"start":{"line":58,"column":6},"end":{"line":60,"column":7}},"18":{"start":{"line":59,"column":8},"end":{"line":null,"column":-1}},"19":{"start":{"line":70,"column":4},"end":{"line":74,"column":5}},"20":{"start":{"line":71,"column":6},"end":{"line":73,"column":7}},"21":{"start":{"line":72,"column":8},"end":{"line":null,"column":-1}},"22":{"start":{"line":83,"column":26},"end":{"line":82,"column":24}},"23":{"start":{"line":85,"column":4},"end":{"line":102,"column":5}},"24":{"start":{"line":86,"column":6},"end":{"line":91,"column":7}},"25":{"start":{"line":87,"column":8},"end":{"line":null,"column":-1}},"26":{"start":{"line":89,"column":8},"end":{"line":null,"column":-1}},"27":{"start":{"line":90,"column":8},"end":{"line":null,"column":-1}},"28":{"start":{"line":93,"column":6},"end":{"line":95,"column":7}},"29":{"start":{"line":94,"column":8},"end":{"line":null,"column":-1}},"30":{"start":{"line":97,"column":6},"end":{"line":101,"column":7}},"31":{"start":{"line":98,"column":8},"end":{"line":100,"column":9}},"32":{"start":{"line":99,"column":10},"end":{"line":null,"column":-1}},"33":{"start":{"line":110,"column":4},"end":{"line":114,"column":5}},"34":{"start":{"line":111,"column":6},"end":{"line":113,"column":7}},"35":{"start":{"line":112,"column":8},"end":{"line":null,"column":-1}},"36":{"start":{"line":123,"column":24},"end":{"line":122,"column":22}},"37":{"start":{"line":125,"column":4},"end":{"line":141,"column":5}},"38":{"start":{"line":126,"column":6},"end":{"line":131,"column":7}},"39":{"start":{"line":127,"column":8},"end":{"line":null,"column":-1}},"40":{"start":{"line":129,"column":8},"end":{"line":null,"column":-1}},"41":{"start":{"line":130,"column":8},"end":{"line":null,"column":-1}},"42":{"start":{"line":132,"column":6},"end":{"line":134,"column":7}},"43":{"start":{"line":133,"column":8},"end":{"line":null,"column":-1}},"44":{"start":{"line":136,"column":6},"end":{"line":140,"column":7}},"45":{"start":{"line":137,"column":8},"end":{"line":139,"column":9}},"46":{"start":{"line":138,"column":10},"end":{"line":null,"column":-1}}},"fnMap":{"0":{"name":"UpdateRecipeValidator","decl":{"start":{"line":11,"column":2},"end":{"line":11,"column":13}},"loc":{"start":{"line":11,"column":22},"end":{"line":14,"column":3}}}},"branchMap":{"0":{"loc":{"start":{"line":29,"column":4},"end":{"line":31,"column":5}},"type":"if","locations":[{"start":{"line":29,"column":4},"end":{"line":31,"column":5}},{"start":{"line":29,"column":4},"end":{"line":31,"column":5}}]},"1":{"loc":{"start":{"line":43,"column":4},"end":{"line":47,"column":5}},"type":"if","locations":[{"start":{"line":43,"column":4},"end":{"line":47,"column":5}},{"start":{"line":43,"column":4},"end":{"line":47,"column":5}}]},"2":{"loc":{"start":{"line":44,"column":6},"end":{"line":46,"column":7}},"type":"if","locations":[{"start":{"line":44,"column":6},"end":{"line":46,"column":7}},{"start":{"line":44,"column":6},"end":{"line":46,"column":7}}]},"3":{"loc":{"start":{"line":57,"column":4},"end":{"line":61,"column":5}},"type":"if","locations":[{"start":{"line":57,"column":4},"end":{"line":61,"column":5}},{"start":{"line":57,"column":4},"end":{"line":61,"column":5}}]},"4":{"loc":{"start":{"line":58,"column":6},"end":{"line":60,"column":7}},"type":"if","locations":[{"start":{"line":58,"column":6},"end":{"line":60,"column":7}},{"start":{"line":58,"column":6},"end":{"line":60,"column":7}}]},"5":{"loc":{"start":{"line":70,"column":4},"end":{"line":74,"column":5}},"type":"if","locations":[{"start":{"line":70,"column":4},"end":{"line":74,"column":5}},{"start":{"line":70,"column":4},"end":{"line":74,"column":5}}]},"6":{"loc":{"start":{"line":71,"column":6},"end":{"line":73,"column":7}},"type":"if","locations":[{"start":{"line":71,"column":6},"end":{"line":73,"column":7}},{"start":{"line":71,"column":6},"end":{"line":73,"column":7}}]},"7":{"loc":{"start":{"line":85,"column":4},"end":{"line":102,"column":5}},"type":"if","locations":[{"start":{"line":85,"column":4},"end":{"line":102,"column":5}},{"start":{"line":85,"column":4},"end":{"line":102,"column":5}}]},"8":{"loc":{"start":{"line":93,"column":6},"end":{"line":95,"column":7}},"type":"if","locations":[{"start":{"line":93,"column":6},"end":{"line":95,"column":7}},{"start":{"line":93,"column":6},"end":{"line":95,"column":7}}]},"9":{"loc":{"start":{"line":97,"column":6},"end":{"line":101,"column":7}},"type":"if","locations":[{"start":{"line":97,"column":6},"end":{"line":101,"column":7}},{"start":{"line":97,"column":6},"end":{"line":101,"column":7}}]},"10":{"loc":{"start":{"line":98,"column":8},"end":{"line":100,"column":9}},"type":"if","locations":[{"start":{"line":98,"column":8},"end":{"line":100,"column":9}},{"start":{"line":98,"column":8},"end":{"line":100,"column":9}}]},"11":{"loc":{"start":{"line":110,"column":4},"end":{"line":114,"column":5}},"type":"if","locations":[{"start":{"line":110,"column":4},"end":{"line":114,"column":5}},{"start":{"line":110,"column":4},"end":{"line":114,"column":5}}]},"12":{"loc":{"start":{"line":111,"column":6},"end":{"line":113,"column":7}},"type":"if","locations":[{"start":{"line":111,"column":6},"end":{"line":113,"column":7}},{"start":{"line":111,"column":6},"end":{"line":113,"column":7}}]},"13":{"loc":{"start":{"line":125,"column":4},"end":{"line":141,"column":5}},"type":"if","locations":[{"start":{"line":125,"column":4},"end":{"line":141,"column":5}},{"start":{"line":125,"column":4},"end":{"line":141,"column":5}}]},"14":{"loc":{"start":{"line":132,"column":6},"end":{"line":134,"column":7}},"type":"if","locations":[{"start":{"line":132,"column":6},"end":{"line":134,"column":7}},{"start":{"line":132,"column":6},"end":{"line":134,"column":7}}]},"15":{"loc":{"start":{"line":136,"column":6},"end":{"line":140,"column":7}},"type":"if","locations":[{"start":{"line":136,"column":6},"end":{"line":140,"column":7}},{"start":{"line":136,"column":6},"end":{"line":140,"column":7}}]},"16":{"loc":{"start":{"line":137,"column":8},"end":{"line":139,"column":9}},"type":"if","locations":[{"start":{"line":137,"column":8},"end":{"line":139,"column":9}},{"start":{"line":137,"column":8},"end":{"line":139,"column":9}}]}},"s":{"0":1,"1":4,"2":4,"3":4,"4":4,"5":4,"6":4,"7":4,"8":4,"9":4,"10":4,"11":3,"12":1,"13":4,"14":2,"15":1,"16":4,"17":2,"18":1,"19":4,"20":1,"21":1,"22":4,"23":4,"24":3,"25":3,"26":1,"27":1,"28":2,"29":1,"30":2,"31":1,"32":1,"33":4,"34":1,"35":1,"36":4,"37":4,"38":3,"39":3,"40":1,"41":1,"42":2,"43":1,"44":2,"45":1,"46":1},"f":{"0":4},"b":{"0":[3,1],"1":[2,2],"2":[1,1],"3":[2,2],"4":[1,1],"5":[1,3],"6":[1,0],"7":[3,1],"8":[1,1],"9":[1,1],"10":[1,0],"11":[1,3],"12":[1,0],"13":[3,1],"14":[1,1],"15":[1,1],"16":[1,0]}}
}
