{"/Users/andeladeveloper/Code/JavaScript/more-recipes/client/src/js/screens/pages/SingleRecipe/components/CreateReview.jsx": {"path":"/Users/andeladeveloper/Code/JavaScript/more-recipes/client/src/js/screens/pages/SingleRecipe/components/CreateReview.jsx","statementMap":{"0":{"start":{"line":14,"column":4},"end":{"line":14,"column":17}},"1":{"start":{"line":16,"column":4},"end":{"line":18,"column":6}},"2":{"start":{"line":20,"column":4},"end":{"line":20,"column":53}},"3":{"start":{"line":21,"column":4},"end":{"line":21,"column":63}},"4":{"start":{"line":28,"column":4},"end":{"line":31,"column":7}},"5":{"start":{"line":33,"column":4},"end":{"line":35,"column":7}},"6":{"start":{"line":44,"column":4},"end":{"line":46,"column":7}},"7":{"start":{"line":55,"column":4},"end":{"line":79,"column":5}},"8":{"start":{"line":56,"column":6},"end":{"line":74,"column":8}},"9":{"start":{"line":76,"column":6},"end":{"line":78,"column":8}},"10":{"start":{"line":82,"column":4},"end":{"line":89,"column":6}},"11":{"start":{"line":93,"column":0},"end":{"line":97,"column":2}}},"fnMap":{"0":{"name":"(anonymous_0)","decl":{"start":{"line":13,"column":2},"end":{"line":13,"column":3}},"loc":{"start":{"line":13,"column":21},"end":{"line":22,"column":3}},"line":13},"1":{"name":"(anonymous_1)","decl":{"start":{"line":27,"column":2},"end":{"line":27,"column":3}},"loc":{"start":{"line":27,"column":23},"end":{"line":36,"column":3}},"line":27},"2":{"name":"(anonymous_2)","decl":{"start":{"line":43,"column":2},"end":{"line":43,"column":3}},"loc":{"start":{"line":43,"column":27},"end":{"line":47,"column":3}},"line":43},"3":{"name":"(anonymous_3)","decl":{"start":{"line":53,"column":2},"end":{"line":53,"column":3}},"loc":{"start":{"line":53,"column":11},"end":{"line":90,"column":3}},"line":53}},"branchMap":{"0":{"loc":{"start":{"line":55,"column":4},"end":{"line":79,"column":5}},"type":"if","locations":[{"start":{"line":55,"column":4},"end":{"line":79,"column":5}},{"start":{"line":55,"column":4},"end":{"line":79,"column":5}}],"line":55}},"s":{"0":5,"1":5,"2":5,"3":5,"4":1,"5":1,"6":1,"7":8,"8":6,"9":2,"10":8,"11":1},"f":{"0":5,"1":1,"2":1,"3":8},"b":{"0":[6,2]},"_coverageSchema":"332fd63041d2c1bcb487cc26dd0d5f7d97098a6c","hash":"700ff90d06ea78667e984d6b74aa3fb6ea43df04"}
,"/Users/andeladeveloper/Code/JavaScript/more-recipes/client/src/js/test/setupTests.js": {"path":"/Users/andeladeveloper/Code/JavaScript/more-recipes/client/src/js/test/setupTests.js","statementMap":{"0":{"start":{"line":4,"column":0},"end":{"line":4,"column":38}},"1":{"start":{"line":6,"column":21},"end":{"line":6,"column":58}}},"fnMap":{"0":{"name":"(anonymous_0)","decl":{"start":{"line":6,"column":15},"end":{"line":6,"column":16}},"loc":{"start":{"line":6,"column":21},"end":{"line":6,"column":58}},"line":6}},"branchMap":{},"s":{"0":1,"1":1},"f":{"0":1},"b":{},"_coverageSchema":"332fd63041d2c1bcb487cc26dd0d5f7d97098a6c","hash":"ea83cbbc82515d90ebf782c9ed35b3473365ee35"}
}
