TN:
SF:/Users/andeladeveloper/Code/JavaScript/more-recipes/client/src/js/screens/components/Navbar.jsx
FN:14,(anonymous_0)
FN:31,(anonymous_1)
FN:70,(anonymous_2)
FN:82,(anonymous_3)
FNF:4
FNH:1
FNDA:2,(anonymous_0)
FNDA:0,(anonymous_1)
FNDA:0,(anonymous_2)
FNDA:0,(anonymous_3)
DA:14,1
DA:15,2
DA:17,2
DA:18,1
DA:32,0
DA:33,0
DA:43,2
DA:71,0
DA:72,0
DA:73,0
DA:75,0
DA:83,0
DA:97,1
DA:106,1
LF:14
LH:7
BRDA:17,0,0,1
BRDA:17,0,1,1
BRDA:72,1,0,0
BRDA:72,1,1,0
BRDA:75,2,0,0
BRDA:75,2,1,0
BRDA:81,3,0,2
BRDA:81,3,1,2
BRF:8
BRH:4
end_of_record
TN:
SF:/Users/andeladeveloper/Code/JavaScript/more-recipes/client/src/js/test/fileMock.js
FNF:0
FNH:0
DA:1,1
LF:1
LH:1
BRF:0
BRH:0
end_of_record
TN:
SF:/Users/andeladeveloper/Code/JavaScript/more-recipes/client/src/js/test/setupTests.js
FN:6,(anonymous_0)
FNF:1
FNH:1
FNDA:1,(anonymous_0)
DA:4,1
DA:6,1
LF:2
LH:2
BRF:0
BRH:0
end_of_record
