TN:
SF:/Users/andeladeveloper/Code/JavaScript/more-recipes/client/src/js/helpers/index.js
FN:10,(anonymous_0)
FN:12,(anonymous_1)
FN:26,(anonymous_2)
FNF:3
FNH:1
FNDA:0,(anonymous_0)
FNDA:0,(anonymous_1)
FNDA:2,(anonymous_2)
DA:10,1
DA:12,1
DA:13,0
DA:14,0
DA:15,0
DA:18,0
DA:26,1
DA:27,2
DA:28,2
LF:9
LH:5
BRDA:14,0,0,0
BRDA:14,0,1,0
BRDA:27,1,0,2
BRDA:27,1,1,0
BRF:4
BRH:1
end_of_record
TN:
SF:/Users/andeladeveloper/Code/JavaScript/more-recipes/client/src/js/store/actions/actionCreators.js
FN:34,checkAuth
FN:35,(anonymous_1)
FN:50,getRecipesCatalog
FN:51,(anonymous_3)
FN:54,(anonymous_4)
FN:55,(anonymous_5)
FN:75,triggerGetRecipesCatalog
FN:76,(anonymous_7)
FN:92,changeRouterQueryParams
FN:93,(anonymous_9)
FN:108,getHomePageData
FN:109,(anonymous_11)
FN:113,(anonymous_12)
FN:114,(anonymous_13)
FN:122,(anonymous_14)
FN:123,(anonymous_15)
FN:142,getSingleRecipe
FN:143,(anonymous_17)
FN:169,toggleUpvote
FN:175,(anonymous_19)
FN:237,toggleDownvote
FN:241,(anonymous_21)
FN:302,toggleFavorite
FN:303,(anonymous_23)
FN:347,downvote
FN:361,signIn
FN:362,(anonymous_26)
FN:397,signOut
FN:398,(anonymous_28)
FN:416,signUp
FN:417,(anonymous_30)
FN:452,createRecipe
FN:453,(anonymous_32)
FN:483,updateRecipe
FN:484,(anonymous_34)
FN:489,(anonymous_35)
FN:520,updateRecipesInStore
FN:521,(anonymous_37)
FN:537,getRecipeReviews
FN:538,(anonymous_39)
FN:564,getUserRecipes
FN:565,(anonymous_41)
FN:568,(anonymous_42)
FN:569,(anonymous_43)
FN:578,(anonymous_44)
FN:598,createReview
FN:599,(anonymous_46)
FN:628,getUserFavorites
FN:629,(anonymous_48)
FN:634,(anonymous_49)
FN:635,(anonymous_50)
FN:656,findUser
FN:657,(anonymous_52)
FN:661,(anonymous_53)
FN:681,updateUserProfile
FN:682,(anonymous_55)
FN:722,deleteRecipe
FN:723,(anonymous_57)
FNF:58
FNH:35
FNDA:0,checkAuth
FNDA:0,(anonymous_1)
FNDA:1,getRecipesCatalog
FNDA:1,(anonymous_3)
FNDA:2,(anonymous_4)
FNDA:0,(anonymous_5)
FNDA:0,triggerGetRecipesCatalog
FNDA:0,(anonymous_7)
FNDA:0,changeRouterQueryParams
FNDA:0,(anonymous_9)
FNDA:1,getHomePageData
FNDA:1,(anonymous_11)
FNDA:2,(anonymous_12)
FNDA:0,(anonymous_13)
FNDA:1,(anonymous_14)
FNDA:0,(anonymous_15)
FNDA:1,getSingleRecipe
FNDA:1,(anonymous_17)
FNDA:3,toggleUpvote
FNDA:3,(anonymous_19)
FNDA:3,toggleDownvote
FNDA:3,(anonymous_21)
FNDA:2,toggleFavorite
FNDA:2,(anonymous_23)
FNDA:0,downvote
FNDA:2,signIn
FNDA:2,(anonymous_26)
FNDA:1,signOut
FNDA:1,(anonymous_28)
FNDA:0,signUp
FNDA:0,(anonymous_30)
FNDA:1,createRecipe
FNDA:1,(anonymous_32)
FNDA:1,updateRecipe
FNDA:1,(anonymous_34)
FNDA:0,(anonymous_35)
FNDA:1,updateRecipesInStore
FNDA:1,(anonymous_37)
FNDA:1,getRecipeReviews
FNDA:1,(anonymous_39)
FNDA:0,getUserRecipes
FNDA:0,(anonymous_41)
FNDA:0,(anonymous_42)
FNDA:0,(anonymous_43)
FNDA:0,(anonymous_44)
FNDA:1,createReview
FNDA:1,(anonymous_46)
FNDA:1,getUserFavorites
FNDA:1,(anonymous_48)
FNDA:0,(anonymous_49)
FNDA:0,(anonymous_50)
FNDA:1,findUser
FNDA:1,(anonymous_52)
FNDA:0,(anonymous_53)
FNDA:1,updateUserProfile
FNDA:1,(anonymous_55)
FNDA:0,deleteRecipe
FNDA:0,(anonymous_57)
DA:8,1
DA:9,1
DA:10,1
DA:11,1
DA:12,1
DA:13,1
DA:14,1
DA:15,1
DA:16,1
DA:17,1
DA:18,1
DA:19,1
DA:20,1
DA:21,1
DA:22,1
DA:23,1
DA:24,1
DA:25,1
DA:26,1
DA:35,0
DA:36,0
DA:37,0
DA:40,0
DA:51,1
DA:52,1
DA:53,1
DA:54,1
DA:55,2
DA:56,2
DA:62,1
DA:64,0
DA:76,0
DA:77,0
DA:93,0
DA:94,0
DA:96,0
DA:97,0
DA:109,1
DA:110,1
DA:111,1
DA:113,1
DA:114,2
DA:115,2
DA:122,1
DA:123,1
DA:124,1
DA:130,1
DA:132,0
DA:143,1
DA:144,1
DA:145,1
DA:146,1
DA:148,1
DA:153,0
DA:175,3
DA:176,3
DA:177,3
DA:178,1
DA:185,1
DA:193,2
DA:200,2
DA:208,3
DA:209,1
DA:218,3
DA:219,3
DA:221,0
DA:241,3
DA:242,3
DA:243,3
DA:244,1
DA:251,1
DA:259,2
DA:266,2
DA:275,3
DA:276,1
DA:285,3
DA:286,3
DA:288,0
DA:303,2
DA:304,2
DA:305,2
DA:306,1
DA:310,1
DA:318,1
DA:325,1
DA:334,2
DA:336,0
DA:348,0
DA:362,2
DA:363,2
DA:364,2
DA:368,2
DA:369,2
DA:371,2
DA:376,2
DA:384,2
DA:386,0
DA:398,1
DA:399,1
DA:401,1
DA:405,1
DA:417,0
DA:418,0
DA:419,0
DA:423,0
DA:424,0
DA:426,0
DA:431,0
DA:439,0
DA:441,0
DA:453,1
DA:454,1
DA:455,1
DA:457,1
DA:461,1
DA:468,1
DA:470,0
DA:484,1
DA:485,1
DA:486,1
DA:488,1
DA:489,0
DA:491,1
DA:499,1
DA:507,1
DA:509,0
DA:521,1
DA:522,1
DA:527,1
DA:538,1
DA:539,1
DA:540,1
DA:542,1
DA:550,1
DA:552,0
DA:565,0
DA:566,0
DA:567,0
DA:568,0
DA:569,0
DA:570,0
DA:577,0
DA:578,0
DA:579,0
DA:584,0
DA:586,0
DA:599,1
DA:600,1
DA:601,1
DA:603,1
DA:608,1
DA:616,1
DA:618,0
DA:629,1
DA:630,1
DA:631,1
DA:632,1
DA:634,1
DA:635,0
DA:636,0
DA:643,0
DA:645,1
DA:657,1
DA:658,1
DA:659,1
DA:661,1
DA:662,1
DA:667,1
DA:669,0
DA:682,1
DA:683,1
DA:684,1
DA:685,1
DA:686,0
DA:687,0
DA:689,0
DA:697,0
DA:702,0
DA:710,0
DA:712,1
DA:723,0
DA:724,0
DA:725,0
DA:726,0
DA:730,0
LF:185
LH:127
BRDA:36,0,0,0
BRDA:36,0,1,0
BRDA:55,1,0,2
BRDA:55,1,1,0
BRDA:114,2,0,2
BRDA:114,2,1,0
BRDA:123,3,0,1
BRDA:123,3,1,0
BRDA:177,4,0,1
BRDA:177,4,1,2
BRDA:208,5,0,1
BRDA:208,5,1,2
BRDA:243,6,0,1
BRDA:243,6,1,2
BRDA:275,7,0,1
BRDA:275,7,1,2
BRDA:305,8,0,1
BRDA:305,8,1,1
BRDA:569,9,0,0
BRDA:569,9,1,0
BRDA:578,10,0,0
BRDA:578,10,1,0
BRDA:635,11,0,0
BRDA:635,11,1,0
BRDA:661,12,0,1
BRDA:661,12,1,0
BRF:26
BRH:14
end_of_record
